#-----------------------------------------------------------
# Webtalk v2015.4 (64-bit)
# SW Build 1412921 on Wed Nov 18 09:44:32 MST 2015
# 
# Start of session at: Sun Mar 20 22:58:59 2016
# Process ID: 9489
# Current directory: /home/jaffe5/Projects/zedboard/ZedBoard_FreeRTOS_WorkSpace_V3_1_1/webtalk
# Command line: wbtcv -mode batch -source sdk_webtalk.tcl
# Log file: /home/jaffe5/Projects/zedboard/ZedBoard_FreeRTOS_WorkSpace_V3_1_1/webtalk/webtalk.log
# Journal file: /home/jaffe5/Projects/zedboard/ZedBoard_FreeRTOS_WorkSpace_V3_1_1/webtalk/webtalk.jou
#-----------------------------------------------------------
source sdk_webtalk.tcl
# webtalk_init -webtalk_dir /home/jaffe5/Projects/zedboard/ZedBoard_FreeRTOS_WorkSpace_V3_1_1/webtalk
# webtalk_register_client -client project
# webtalk_add_data -client project -key date_generated -value "Sun Mar 20 22:58:59 2016" -context "software_version_and_target_device"
# webtalk_add_data -client project -key product_version -value "SDK v2015.4" -context "software_version_and_target_device"
# webtalk_add_data -client project -key build_version -value "2015.4" -context "software_version_and_target_device"
# webtalk_add_data -client project -key os_platform -value "amd64" -context "software_version_and_target_device"
# webtalk_add_data -client project -key registration_id -value "" -context "software_version_and_target_device"
# webtalk_add_data -client project -key tool_flow -value "SDK" -context "software_version_and_target_device"
# webtalk_add_data -client project -key beta -value "false" -context "software_version_and_target_device"
# webtalk_add_data -client project -key route_design -value "NA" -context "software_version_and_target_device"
# webtalk_add_data -client project -key target_family -value "NA" -context "software_version_and_target_device"
# webtalk_add_data -client project -key target_device -value "NA" -context "software_version_and_target_device"
# webtalk_add_data -client project -key target_package -value "NA" -context "software_version_and_target_device"
# webtalk_add_data -client project -key target_speed -value "NA" -context "software_version_and_target_device"
# webtalk_add_data -client project -key random_id -value "p3m21t9k98kcld2qd4e8e56d2l" -context "software_version_and_target_device"
# webtalk_add_data -client project -key project_id -value "2015.4_1" -context "software_version_and_target_device"
# webtalk_add_data -client project -key project_iteration -value "1" -context "software_version_and_target_device"
# webtalk_add_data -client project -key os_name -value "" -context "user_environment"
# webtalk_add_data -client project -key os_release -value "" -context "user_environment"
# webtalk_add_data -client project -key cpu_name -value "" -context "user_environment"
# webtalk_add_data -client project -key cpu_speed -value "" -context "user_environment"
# webtalk_add_data -client project -key total_processors -value "" -context "user_environment"
# webtalk_add_data -client project -key system_ram -value "" -context "user_environment"
# webtalk_register_client -client sdk
# webtalk_add_data -client sdk -key uid -value "1458528673000" -context "sdk\\\\application/1458528673000"
# webtalk_add_data -client sdk -key hwid -value "1456502950745" -context "sdk\\\\application/1458528673000"
# webtalk_add_data -client sdk -key bspid -value "1456502992389" -context "sdk\\\\application/1458528673000"
# webtalk_add_data -client sdk -key newbsp -value "false" -context "sdk\\\\application/1458528673000"
# webtalk_add_data -client sdk -key os -value "freertos823_xilinx" -context "sdk\\\\application/1458528673000"
# webtalk_add_data -client sdk -key apptemplate -value "empty_application" -context "sdk\\\\application/1458528673000"
# webtalk_transmit -clientid 3257289208 -regid "" -xml /home/jaffe5/Projects/zedboard/ZedBoard_FreeRTOS_WorkSpace_V3_1_1/webtalk/usage_statistics_ext_sdk.xml -html /home/jaffe5/Projects/zedboard/ZedBoard_FreeRTOS_WorkSpace_V3_1_1/webtalk/usage_statistics_ext_sdk.html -wdm /home/jaffe5/Projects/zedboard/ZedBoard_FreeRTOS_WorkSpace_V3_1_1/webtalk/sdk_webtalk.wdm -intro "<H3>SDK Usage Report</H3><BR>"

    while executing
"webtalk_transmit -clientid 3257289208 -regid "" -xml /home/jaffe5/Projects/zedboard/ZedBoard_FreeRTOS_WorkSpace_V3_1_1/webtalk/usage_statistics_ext_sd..."
    (file "sdk_webtalk.tcl" line 31)
INFO: [Common 17-206] Exiting Webtalk at Sun Mar 20 22:58:59 2016...
