#-----------------------------------------------------------
# Webtalk v2015.4 (64-bit)
# SW Build 1412921 on Wed Nov 18 09:43:45 MST 2015
# 
# Start of session at: Sat Mar 19 23:20:43 2016
# Process ID: 13344
# Current directory: C:/Users/Surya/Desktop/zed_labs/Lab4_validation/ZedBoard_FreeRTOS_WorkSpace_V3_1_1/webtalk
# Command line: wbtcv.exe -mode batch -source sdk_webtalk.tcl
# Log file: C:/Users/Surya/Desktop/zed_labs/Lab4_validation/ZedBoard_FreeRTOS_WorkSpace_V3_1_1/webtalk/webtalk.log
# Journal file: C:/Users/Surya/Desktop/zed_labs/Lab4_validation/ZedBoard_FreeRTOS_WorkSpace_V3_1_1/webtalk\webtalk.jou
#-----------------------------------------------------------
source sdk_webtalk.tcl
# webtalk_init -webtalk_dir C:\\Users\\Surya\\Desktop\\zed_labs\\Lab4_validation\\ZedBoard_FreeRTOS_WorkSpace_V3_1_1\\webtalk
# webtalk_register_client -client project
# webtalk_add_data -client project -key date_generated -value "Sat Mar 19 23:20:38 2016" -context "software_version_and_target_device"
# webtalk_add_data -client project -key product_version -value "SDK v2015.4" -context "software_version_and_target_device"
# webtalk_add_data -client project -key build_version -value "2015.4" -context "software_version_and_target_device"
# webtalk_add_data -client project -key os_platform -value "amd64" -context "software_version_and_target_device"
# webtalk_add_data -client project -key registration_id -value "" -context "software_version_and_target_device"
# webtalk_add_data -client project -key tool_flow -value "SDK" -context "software_version_and_target_device"
# webtalk_add_data -client project -key beta -value "false" -context "software_version_and_target_device"
# webtalk_add_data -client project -key route_design -value "NA" -context "software_version_and_target_device"
# webtalk_add_data -client project -key target_family -value "NA" -context "software_version_and_target_device"
# webtalk_add_data -client project -key target_device -value "NA" -context "software_version_and_target_device"
# webtalk_add_data -client project -key target_package -value "NA" -context "software_version_and_target_device"
# webtalk_add_data -client project -key target_speed -value "NA" -context "software_version_and_target_device"
# webtalk_add_data -client project -key random_id -value "6v7qhnlsll9qd9lcugfmu45rj6" -context "software_version_and_target_device"
# webtalk_add_data -client project -key project_id -value "2015.4_7" -context "software_version_and_target_device"
# webtalk_add_data -client project -key project_iteration -value "7" -context "software_version_and_target_device"
# webtalk_add_data -client project -key os_name -value "" -context "user_environment"
# webtalk_add_data -client project -key os_release -value "" -context "user_environment"
# webtalk_add_data -client project -key cpu_name -value "" -context "user_environment"
# webtalk_add_data -client project -key cpu_speed -value "" -context "user_environment"
# webtalk_add_data -client project -key total_processors -value "" -context "user_environment"
# webtalk_add_data -client project -key system_ram -value "" -context "user_environment"
# webtalk_register_client -client sdk
# webtalk_add_data -client sdk -key uid -value "1458405838335" -context "sdk\\\\application/1458405838335"
# webtalk_add_data -client sdk -key hwid -value "1456502950745" -context "sdk\\\\application/1458405838335"
# webtalk_add_data -client sdk -key bspid -value "1456502992389" -context "sdk\\\\application/1458405838335"
# webtalk_add_data -client sdk -key newbsp -value "false" -context "sdk\\\\application/1458405838335"
# webtalk_add_data -client sdk -key os -value "freertos823_xilinx" -context "sdk\\\\application/1458405838335"
# webtalk_add_data -client sdk -key apptemplate -value "empty_application" -context "sdk\\\\application/1458405838335"
# webtalk_add_data -client sdk -key uid -value "1458407087296" -context "sdk\\\\application/1458407087296"
# webtalk_add_data -client sdk -key hwid -value "1456502950745" -context "sdk\\\\application/1458407087296"
# webtalk_add_data -client sdk -key bspid -value "1456502992389" -context "sdk\\\\application/1458407087296"
# webtalk_add_data -client sdk -key newbsp -value "false" -context "sdk\\\\application/1458407087296"
# webtalk_add_data -client sdk -key os -value "freertos823_xilinx" -context "sdk\\\\application/1458407087296"
# webtalk_add_data -client sdk -key apptemplate -value "empty_application" -context "sdk\\\\application/1458407087296"
# webtalk_transmit -clientid 1326862641 -regid "" -xml C:\\Users\\Surya\\Desktop\\zed_labs\\Lab4_validation\\ZedBoard_FreeRTOS_WorkSpace_V3_1_1\\webtalk\\usage_statistics_ext_sdk.xml -html C:\\Users\\Surya\\Desktop\\zed_labs\\Lab4_validation\\ZedBoard_FreeRTOS_WorkSpace_V3_1_1\\webtalk\\usage_statistics_ext_sdk.html -wdm C:\\Users\\Surya\\Desktop\\zed_labs\\Lab4_validation\\ZedBoard_FreeRTOS_WorkSpace_V3_1_1\\webtalk\\sdk_webtalk.wdm -intro "<H3>SDK Usage Report</H3><BR>"

    while executing
"webtalk_transmit -clientid 1326862641 -regid "" -xml C:\\Users\\Surya\\Desktop\\zed_labs\\Lab4_validation\\ZedBoard_FreeRTOS_WorkSpace_V3_1_1\\webtalk..."
    (file "sdk_webtalk.tcl" line 37)
INFO: [Common 17-206] Exiting Webtalk at Sat Mar 19 23:20:57 2016...
