16:54:33 INFO  : Launching XSDB server: xsdb -n /opt/xilinx/SDK/2015.4/scripts/xsdb/xsdb/xsdb-server.tcl
16:54:34 INFO  : XSDB server has started successfully.
16:57:26 INFO  : Connected to target on host '127.0.0.1' and port '3121'.
16:58:45 INFO  : Connected to target on host '127.0.0.1' and port '3121'.
16:59:24 INFO  : Connected to target on host '127.0.0.1' and port '3121'.
17:02:07 ERROR : Checking FPGA configuration failed..Connection to Board Failed


    Unknown Error Occured
    Cable is not connected to the host

17:02:07 ERROR : Unexpected error while launching program.
com.xilinx.sdk.targetmanager.TMException: Connection to Board Failed


    Unknown Error Occured
    Cable is not connected to the host

	at com.xilinx.sdk.targetmanager.internal.TM.isFPGAConfigured(TM.java:374)
	at com.xilinx.sdk.debug.core.XilinxAppLaunchConfigurationDelegate.isFpgaConfigured(XilinxAppLaunchConfigurationDelegate.java:409)
	at com.xilinx.sdk.debug.core.XilinxAppLaunchConfigurationDelegate.launch(XilinxAppLaunchConfigurationDelegate.java:303)
	at com.xilinx.sdk.debug.ui.XilinxAppLaunchDelegateWrapper.launch(XilinxAppLaunchDelegateWrapper.java:31)
	at org.eclipse.debug.internal.core.LaunchConfiguration.launch(LaunchConfiguration.java:858)
	at org.eclipse.debug.internal.core.LaunchConfiguration.launch(LaunchConfiguration.java:707)
	at org.eclipse.debug.internal.ui.DebugUIPlugin.buildAndLaunch(DebugUIPlugin.java:1018)
	at org.eclipse.debug.internal.ui.DebugUIPlugin$8.run(DebugUIPlugin.java:1222)
	at org.eclipse.core.internal.jobs.Worker.run(Worker.java:53)
17:05:52 ERROR : Checking FPGA configuration failed..Connection to Board Failed


    Unknown Error Occured
    Cable is not connected to the host

17:05:52 ERROR : Unexpected error while launching program.
com.xilinx.sdk.targetmanager.TMException: Connection to Board Failed


    Unknown Error Occured
    Cable is not connected to the host

	at com.xilinx.sdk.targetmanager.internal.TM.isFPGAConfigured(TM.java:374)
	at com.xilinx.sdk.debug.core.XilinxAppLaunchConfigurationDelegate.isFpgaConfigured(XilinxAppLaunchConfigurationDelegate.java:409)
	at com.xilinx.sdk.debug.core.XilinxAppLaunchConfigurationDelegate.launch(XilinxAppLaunchConfigurationDelegate.java:303)
	at com.xilinx.sdk.debug.ui.XilinxAppLaunchDelegateWrapper.launch(XilinxAppLaunchDelegateWrapper.java:31)
	at org.eclipse.debug.internal.core.LaunchConfiguration.launch(LaunchConfiguration.java:858)
	at org.eclipse.debug.internal.core.LaunchConfiguration.launch(LaunchConfiguration.java:707)
	at org.eclipse.debug.internal.ui.DebugUIPlugin.buildAndLaunch(DebugUIPlugin.java:1018)
	at org.eclipse.debug.internal.ui.DebugUIPlugin$8.run(DebugUIPlugin.java:1222)
	at org.eclipse.core.internal.jobs.Worker.run(Worker.java:53)
17:07:12 INFO  : Connected to target on host '127.0.0.1' and port '3121'.
17:08:10 INFO  : Connected to target on host '127.0.0.1' and port '3121'.
17:14:49 INFO  : Connected to target on host '127.0.0.1' and port '3121'.
17:21:07 INFO  : Connected to target on host '127.0.0.1' and port '3121'.
17:24:16 ERROR : Checking FPGA configuration failed..Connection to Board Failed


    Unknown Error Occured
    Cable is not connected to the host

17:24:16 ERROR : Unexpected error while launching program.
com.xilinx.sdk.targetmanager.TMException: Connection to Board Failed


    Unknown Error Occured
    Cable is not connected to the host

	at com.xilinx.sdk.targetmanager.internal.TM.isFPGAConfigured(TM.java:374)
	at com.xilinx.sdk.debug.core.XilinxAppLaunchConfigurationDelegate.isFpgaConfigured(XilinxAppLaunchConfigurationDelegate.java:409)
	at com.xilinx.sdk.debug.core.XilinxAppLaunchConfigurationDelegate.launch(XilinxAppLaunchConfigurationDelegate.java:303)
	at com.xilinx.sdk.debug.ui.XilinxAppLaunchDelegateWrapper.launch(XilinxAppLaunchDelegateWrapper.java:31)
	at org.eclipse.debug.internal.core.LaunchConfiguration.launch(LaunchConfiguration.java:858)
	at org.eclipse.debug.internal.core.LaunchConfiguration.launch(LaunchConfiguration.java:707)
	at org.eclipse.debug.internal.ui.DebugUIPlugin.buildAndLaunch(DebugUIPlugin.java:1018)
	at org.eclipse.debug.internal.ui.DebugUIPlugin$8.run(DebugUIPlugin.java:1222)
	at org.eclipse.core.internal.jobs.Worker.run(Worker.java:53)
17:28:31 INFO  : Connected to target on host '127.0.0.1' and port '3121'.
17:31:15 INFO  : Connected to target on host '127.0.0.1' and port '3121'.
17:31:23 ERROR : Checking FPGA configuration failed..Connection to Board Failed


    Unknown Error Occured
    Cable is not connected to the host

17:31:23 ERROR : Unexpected error while launching program.
com.xilinx.sdk.targetmanager.TMException: Connection to Board Failed


    Unknown Error Occured
    Cable is not connected to the host

	at com.xilinx.sdk.targetmanager.internal.TM.isFPGAConfigured(TM.java:374)
	at com.xilinx.sdk.debug.core.XilinxAppLaunchConfigurationDelegate.isFpgaConfigured(XilinxAppLaunchConfigurationDelegate.java:409)
	at com.xilinx.sdk.debug.core.XilinxAppLaunchConfigurationDelegate.launch(XilinxAppLaunchConfigurationDelegate.java:303)
	at com.xilinx.sdk.debug.ui.XilinxAppLaunchDelegateWrapper.launch(XilinxAppLaunchDelegateWrapper.java:31)
	at org.eclipse.debug.internal.core.LaunchConfiguration.launch(LaunchConfiguration.java:858)
	at org.eclipse.debug.internal.core.LaunchConfiguration.launch(LaunchConfiguration.java:707)
	at org.eclipse.debug.internal.ui.DebugUIPlugin.buildAndLaunch(DebugUIPlugin.java:1018)
	at org.eclipse.debug.internal.ui.DebugUIPlugin$8.run(DebugUIPlugin.java:1222)
	at org.eclipse.core.internal.jobs.Worker.run(Worker.java:53)
17:35:59 ERROR : Checking FPGA configuration failed..Connection to Board Failed


    Unknown Error Occured
    Cable is not connected to the host

17:35:59 ERROR : Unexpected error while launching program.
com.xilinx.sdk.targetmanager.TMException: Connection to Board Failed


    Unknown Error Occured
    Cable is not connected to the host

	at com.xilinx.sdk.targetmanager.internal.TM.isFPGAConfigured(TM.java:374)
	at com.xilinx.sdk.debug.core.XilinxAppLaunchConfigurationDelegate.isFpgaConfigured(XilinxAppLaunchConfigurationDelegate.java:409)
	at com.xilinx.sdk.debug.core.XilinxAppLaunchConfigurationDelegate.launch(XilinxAppLaunchConfigurationDelegate.java:303)
	at com.xilinx.sdk.debug.ui.XilinxAppLaunchDelegateWrapper.launch(XilinxAppLaunchDelegateWrapper.java:31)
	at org.eclipse.debug.internal.core.LaunchConfiguration.launch(LaunchConfiguration.java:858)
	at org.eclipse.debug.internal.core.LaunchConfiguration.launch(LaunchConfiguration.java:707)
	at org.eclipse.debug.internal.ui.DebugUIPlugin.buildAndLaunch(DebugUIPlugin.java:1018)
	at org.eclipse.debug.internal.ui.DebugUIPlugin$8.run(DebugUIPlugin.java:1222)
	at org.eclipse.core.internal.jobs.Worker.run(Worker.java:53)
17:36:11 ERROR : Checking FPGA configuration failed..Connection to Board Failed


    Unknown Error Occured
    Cable is not connected to the host

17:36:11 ERROR : Unexpected error while launching program.
com.xilinx.sdk.targetmanager.TMException: Connection to Board Failed


    Unknown Error Occured
    Cable is not connected to the host

	at com.xilinx.sdk.targetmanager.internal.TM.isFPGAConfigured(TM.java:374)
	at com.xilinx.sdk.debug.core.XilinxAppLaunchConfigurationDelegate.isFpgaConfigured(XilinxAppLaunchConfigurationDelegate.java:409)
	at com.xilinx.sdk.debug.core.XilinxAppLaunchConfigurationDelegate.launch(XilinxAppLaunchConfigurationDelegate.java:303)
	at com.xilinx.sdk.debug.ui.XilinxAppLaunchDelegateWrapper.launch(XilinxAppLaunchDelegateWrapper.java:31)
	at org.eclipse.debug.internal.core.LaunchConfiguration.launch(LaunchConfiguration.java:858)
	at org.eclipse.debug.internal.core.LaunchConfiguration.launch(LaunchConfiguration.java:707)
	at org.eclipse.debug.internal.ui.DebugUIPlugin.buildAndLaunch(DebugUIPlugin.java:1018)
	at org.eclipse.debug.internal.ui.DebugUIPlugin$8.run(DebugUIPlugin.java:1222)
	at org.eclipse.core.internal.jobs.Worker.run(Worker.java:53)
17:38:03 INFO  : Connected to target on host '127.0.0.1' and port '3121'.
17:38:14 INFO  : Connected to target on host '127.0.0.1' and port '3121'.
17:38:47 ERROR : Checking FPGA configuration failed..Connection to Board Failed


    Unknown Error Occured
    Cable is not connected to the host

17:38:47 ERROR : Unexpected error while launching program.
com.xilinx.sdk.targetmanager.TMException: Connection to Board Failed


    Unknown Error Occured
    Cable is not connected to the host

	at com.xilinx.sdk.targetmanager.internal.TM.isFPGAConfigured(TM.java:374)
	at com.xilinx.sdk.debug.core.XilinxAppLaunchConfigurationDelegate.isFpgaConfigured(XilinxAppLaunchConfigurationDelegate.java:409)
	at com.xilinx.sdk.debug.core.XilinxAppLaunchConfigurationDelegate.launch(XilinxAppLaunchConfigurationDelegate.java:303)
	at com.xilinx.sdk.debug.ui.XilinxAppLaunchDelegateWrapper.launch(XilinxAppLaunchDelegateWrapper.java:31)
	at org.eclipse.debug.internal.core.LaunchConfiguration.launch(LaunchConfiguration.java:858)
	at org.eclipse.debug.internal.core.LaunchConfiguration.launch(LaunchConfiguration.java:707)
	at org.eclipse.debug.internal.ui.DebugUIPlugin.buildAndLaunch(DebugUIPlugin.java:1018)
	at org.eclipse.debug.internal.ui.DebugUIPlugin$8.run(DebugUIPlugin.java:1222)
	at org.eclipse.core.internal.jobs.Worker.run(Worker.java:53)
17:41:39 ERROR : Checking FPGA configuration failed..Connection to Board Failed


    Unknown Error Occured
    Cable is not connected to the host

17:41:39 ERROR : Unexpected error while launching program.
com.xilinx.sdk.targetmanager.TMException: Connection to Board Failed


    Unknown Error Occured
    Cable is not connected to the host

	at com.xilinx.sdk.targetmanager.internal.TM.isFPGAConfigured(TM.java:374)
	at com.xilinx.sdk.debug.core.XilinxAppLaunchConfigurationDelegate.isFpgaConfigured(XilinxAppLaunchConfigurationDelegate.java:409)
	at com.xilinx.sdk.debug.core.XilinxAppLaunchConfigurationDelegate.launch(XilinxAppLaunchConfigurationDelegate.java:303)
	at com.xilinx.sdk.debug.ui.XilinxAppLaunchDelegateWrapper.launch(XilinxAppLaunchDelegateWrapper.java:31)
	at org.eclipse.debug.internal.core.LaunchConfiguration.launch(LaunchConfiguration.java:858)
	at org.eclipse.debug.internal.core.LaunchConfiguration.launch(LaunchConfiguration.java:707)
	at org.eclipse.debug.internal.ui.DebugUIPlugin.buildAndLaunch(DebugUIPlugin.java:1018)
	at org.eclipse.debug.internal.ui.DebugUIPlugin$8.run(DebugUIPlugin.java:1222)
	at org.eclipse.core.internal.jobs.Worker.run(Worker.java:53)
17:42:48 INFO  : Connected to target on host '127.0.0.1' and port '3121'.
17:43:58 ERROR : Checking FPGA configuration failed..Connection to Board Failed


    Unknown Error Occured
    Cable is not connected to the host

17:43:58 ERROR : Unexpected error while launching program.
com.xilinx.sdk.targetmanager.TMException: Connection to Board Failed


    Unknown Error Occured
    Cable is not connected to the host

	at com.xilinx.sdk.targetmanager.internal.TM.isFPGAConfigured(TM.java:374)
	at com.xilinx.sdk.debug.core.XilinxAppLaunchConfigurationDelegate.isFpgaConfigured(XilinxAppLaunchConfigurationDelegate.java:409)
	at com.xilinx.sdk.debug.core.XilinxAppLaunchConfigurationDelegate.launch(XilinxAppLaunchConfigurationDelegate.java:303)
	at com.xilinx.sdk.debug.ui.XilinxAppLaunchDelegateWrapper.launch(XilinxAppLaunchDelegateWrapper.java:31)
	at org.eclipse.debug.internal.core.LaunchConfiguration.launch(LaunchConfiguration.java:858)
	at org.eclipse.debug.internal.core.LaunchConfiguration.launch(LaunchConfiguration.java:707)
	at org.eclipse.debug.internal.ui.DebugUIPlugin.buildAndLaunch(DebugUIPlugin.java:1018)
	at org.eclipse.debug.internal.ui.DebugUIPlugin$8.run(DebugUIPlugin.java:1222)
	at org.eclipse.core.internal.jobs.Worker.run(Worker.java:53)
17:47:29 INFO  : Connected to target on host '127.0.0.1' and port '3121'.
17:47:40 ERROR : Unexpected error while parsing XMD response ￿: com.google.gson.JsonSyntaxException: com.google.gson.stream.MalformedJsonException: invalid number or unquoted string near 
17:48:52 INFO  : Launching XSDB server: xsdb -n /opt/xilinx/SDK/2015.4/scripts/xsdb/xsdb/xsdb-server.tcl
17:48:53 INFO  : XSDB server has started successfully.
17:49:00 INFO  : Connected to target on host '127.0.0.1' and port '3121'.
17:50:21 INFO  : Connected to target on host '127.0.0.1' and port '3121'.
17:55:10 ERROR : Checking FPGA configuration failed..Connection to Board Failed


    Unknown Error Occured
    Cable is not connected to the host

17:55:10 ERROR : Unexpected error while launching program.
com.xilinx.sdk.targetmanager.TMException: Connection to Board Failed


    Unknown Error Occured
    Cable is not connected to the host

	at com.xilinx.sdk.targetmanager.internal.TM.isFPGAConfigured(TM.java:374)
	at com.xilinx.sdk.debug.core.XilinxAppLaunchConfigurationDelegate.isFpgaConfigured(XilinxAppLaunchConfigurationDelegate.java:409)
	at com.xilinx.sdk.debug.core.XilinxAppLaunchConfigurationDelegate.launch(XilinxAppLaunchConfigurationDelegate.java:303)
	at com.xilinx.sdk.debug.ui.XilinxAppLaunchDelegateWrapper.launch(XilinxAppLaunchDelegateWrapper.java:31)
	at org.eclipse.debug.internal.core.LaunchConfiguration.launch(LaunchConfiguration.java:858)
	at org.eclipse.debug.internal.core.LaunchConfiguration.launch(LaunchConfiguration.java:707)
	at org.eclipse.debug.internal.ui.DebugUIPlugin.buildAndLaunch(DebugUIPlugin.java:1018)
	at org.eclipse.debug.internal.ui.DebugUIPlugin$8.run(DebugUIPlugin.java:1222)
	at org.eclipse.core.internal.jobs.Worker.run(Worker.java:53)
17:56:21 ERROR : Checking FPGA configuration failed..Connection to Board Failed


    Unknown Error Occured
    Cable is not connected to the host

17:56:21 ERROR : Unexpected error while launching program.
com.xilinx.sdk.targetmanager.TMException: Connection to Board Failed


    Unknown Error Occured
    Cable is not connected to the host

	at com.xilinx.sdk.targetmanager.internal.TM.isFPGAConfigured(TM.java:374)
	at com.xilinx.sdk.debug.core.XilinxAppLaunchConfigurationDelegate.isFpgaConfigured(XilinxAppLaunchConfigurationDelegate.java:409)
	at com.xilinx.sdk.debug.core.XilinxAppLaunchConfigurationDelegate.launch(XilinxAppLaunchConfigurationDelegate.java:303)
	at com.xilinx.sdk.debug.ui.XilinxAppLaunchDelegateWrapper.launch(XilinxAppLaunchDelegateWrapper.java:31)
	at org.eclipse.debug.internal.core.LaunchConfiguration.launch(LaunchConfiguration.java:858)
	at org.eclipse.debug.internal.core.LaunchConfiguration.launch(LaunchConfiguration.java:707)
	at org.eclipse.debug.internal.ui.DebugUIPlugin.buildAndLaunch(DebugUIPlugin.java:1018)
	at org.eclipse.debug.internal.ui.DebugUIPlugin$8.run(DebugUIPlugin.java:1222)
	at org.eclipse.core.internal.jobs.Worker.run(Worker.java:53)
18:01:42 ERROR : Unexpected error while parsing XMD response ￿: com.google.gson.JsonSyntaxException: com.google.gson.stream.MalformedJsonException: invalid number or unquoted string near 
18:08:24 INFO  : Launching XSDB server: xsdb -n /opt/xilinx/SDK/2015.4/scripts/xsdb/xsdb/xsdb-server.tcl
18:08:26 INFO  : XSDB server has started successfully.
18:08:31 INFO  : Connected to target on host '127.0.0.1' and port '3121'.
18:10:37 INFO  : Launching XSDB server: xsdb -n /opt/xilinx/SDK/2015.4/scripts/xsdb/xsdb/xsdb-server.tcl
18:10:39 INFO  : XSDB server has started successfully.
18:10:45 INFO  : Connected to target on host '127.0.0.1' and port '3121'.
18:10:46 INFO  : 'targets -set -filter {jtag_cable_name =~ "Digilent Zed 210248469540" && level==0} -index 1' command is executed.
18:10:48 INFO  : FPGA configured successfully with bitstream "/home/jaffe5/Projects/zedboard/ZedBoard_FreeRTOS_WorkSpace_V3_1_1/system_wrapper_hw_platform_0/system_wrapper.bit"
18:11:09 INFO  : ps7_init is completed.
18:11:09 INFO  : ps7_post_config is completed.
18:11:09 INFO  : Processor reset is completed for ps7_cortexa9_0
18:11:33 INFO  : ps7_cortexa9_0 Processor is in use. Please stop existing Run or Debug sessions before launching.
18:11:36 INFO  : Processor reset is completed for ps7_cortexa9_0
18:11:36 ERROR : Unexpected error while opening JTAG UART: 
java.lang.RuntimeException: Error while opening JTAG UART server: MDM Uart NOT Present in the System
Could not detect MDM peripheral on hardware. Please check:
    1. If FPGA is configured correctly
    2. MDM Core is instantiated in the design
    3. If the correct FPGA is referred, in case of multiple FPGAs
    4. If the correct MDM is referred, in case of a multiple MDM system
    

	at com.xilinx.sdk.targetmanager.internal.TM.startJTAGUARTServer(TM.java:951)
	at com.xilinx.sdk.debug.core.internal.comm.JTAGUARTStreamsProxy.<init>(JTAGUARTStreamsProxy.java:32)
	at com.xilinx.sdk.debug.core.internal.RemoteProcess.createStreamsProxy(RemoteProcess.java:164)
	at com.xilinx.sdk.debug.core.internal.RemoteProcess.<init>(RemoteProcess.java:65)
	at com.xilinx.sdk.debug.core.internal.AppRunner.run(AppRunner.java:91)
	at com.xilinx.sdk.debug.core.XilinxAppLaunchConfigurationDelegate.runApplication(XilinxAppLaunchConfigurationDelegate.java:637)
	at com.xilinx.sdk.debug.core.XilinxAppLaunchConfigurationDelegate.launch(XilinxAppLaunchConfigurationDelegate.java:309)
	at com.xilinx.sdk.debug.ui.XilinxAppLaunchDelegateWrapper.launch(XilinxAppLaunchDelegateWrapper.java:31)
	at org.eclipse.debug.internal.core.LaunchConfiguration.launch(LaunchConfiguration.java:858)
	at org.eclipse.debug.internal.core.LaunchConfiguration.launch(LaunchConfiguration.java:707)
	at org.eclipse.debug.internal.ui.DebugUIPlugin.buildAndLaunch(DebugUIPlugin.java:1018)
	at org.eclipse.debug.internal.ui.DebugUIPlugin$8.run(DebugUIPlugin.java:1222)
	at org.eclipse.core.internal.jobs.Worker.run(Worker.java:53)
20:13:37 INFO  : Connected to target on host '127.0.0.1' and port '3121'.
20:13:37 INFO  : 'targets -set -filter {jtag_cable_name =~ "Digilent Zed 210248469540" && level==0} -index 1' command is executed.
20:13:41 INFO  : FPGA configured successfully with bitstream "/home/jaffe5/Projects/zedboard/ZedBoard_FreeRTOS_WorkSpace_V3_1_1/system_wrapper_hw_platform_0/system_wrapper.bit"
20:13:47 INFO  : ps7_init is completed.
20:13:47 INFO  : ps7_post_config is completed.
20:13:48 INFO  : Processor reset is completed for ps7_cortexa9_0
20:13:48 ERROR : Unexpected error while opening JTAG UART: 
java.lang.RuntimeException: Error while opening JTAG UART server: MDM Uart NOT Present in the System
Could not detect MDM peripheral on hardware. Please check:
    1. If FPGA is configured correctly
    2. MDM Core is instantiated in the design
    3. If the correct FPGA is referred, in case of multiple FPGAs
    4. If the correct MDM is referred, in case of a multiple MDM system
    

	at com.xilinx.sdk.targetmanager.internal.TM.startJTAGUARTServer(TM.java:951)
	at com.xilinx.sdk.debug.core.internal.comm.JTAGUARTStreamsProxy.<init>(JTAGUARTStreamsProxy.java:32)
	at com.xilinx.sdk.debug.core.internal.RemoteProcess.createStreamsProxy(RemoteProcess.java:164)
	at com.xilinx.sdk.debug.core.internal.RemoteProcess.<init>(RemoteProcess.java:65)
	at com.xilinx.sdk.debug.core.internal.AppRunner.run(AppRunner.java:91)
	at com.xilinx.sdk.debug.core.XilinxAppLaunchConfigurationDelegate.runApplication(XilinxAppLaunchConfigurationDelegate.java:637)
	at com.xilinx.sdk.debug.core.XilinxAppLaunchConfigurationDelegate.launch(XilinxAppLaunchConfigurationDelegate.java:309)
	at com.xilinx.sdk.debug.ui.XilinxAppLaunchDelegateWrapper.launch(XilinxAppLaunchDelegateWrapper.java:31)
	at org.eclipse.debug.internal.core.LaunchConfiguration.launch(LaunchConfiguration.java:858)
	at org.eclipse.debug.internal.core.LaunchConfiguration.launch(LaunchConfiguration.java:707)
	at org.eclipse.debug.internal.ui.DebugUIPlugin.buildAndLaunch(DebugUIPlugin.java:1018)
	at org.eclipse.debug.internal.ui.DebugUIPlugin$8.run(DebugUIPlugin.java:1222)
	at org.eclipse.core.internal.jobs.Worker.run(Worker.java:53)
20:16:26 INFO  : ps7_cortexa9_0 Processor is in use. Please stop existing Run or Debug sessions before launching.
20:16:28 INFO  : Processor reset is completed for ps7_cortexa9_0
20:16:28 ERROR : Unexpected error while opening JTAG UART: 
java.lang.RuntimeException: Error while opening JTAG UART server: MDM Uart NOT Present in the System
Could not detect MDM peripheral on hardware. Please check:
    1. If FPGA is configured correctly
    2. MDM Core is instantiated in the design
    3. If the correct FPGA is referred, in case of multiple FPGAs
    4. If the correct MDM is referred, in case of a multiple MDM system
    

	at com.xilinx.sdk.targetmanager.internal.TM.startJTAGUARTServer(TM.java:951)
	at com.xilinx.sdk.debug.core.internal.comm.JTAGUARTStreamsProxy.<init>(JTAGUARTStreamsProxy.java:32)
	at com.xilinx.sdk.debug.core.internal.RemoteProcess.createStreamsProxy(RemoteProcess.java:164)
	at com.xilinx.sdk.debug.core.internal.RemoteProcess.<init>(RemoteProcess.java:65)
	at com.xilinx.sdk.debug.core.internal.AppRunner.run(AppRunner.java:91)
	at com.xilinx.sdk.debug.core.XilinxAppLaunchConfigurationDelegate.runApplication(XilinxAppLaunchConfigurationDelegate.java:637)
	at com.xilinx.sdk.debug.core.XilinxAppLaunchConfigurationDelegate.launch(XilinxAppLaunchConfigurationDelegate.java:309)
	at com.xilinx.sdk.debug.ui.XilinxAppLaunchDelegateWrapper.launch(XilinxAppLaunchDelegateWrapper.java:31)
	at org.eclipse.debug.internal.core.LaunchConfiguration.launch(LaunchConfiguration.java:858)
	at org.eclipse.debug.internal.core.LaunchConfiguration.launch(LaunchConfiguration.java:707)
	at org.eclipse.debug.internal.ui.DebugUIPlugin.buildAndLaunch(DebugUIPlugin.java:1018)
	at org.eclipse.debug.internal.ui.DebugUIPlugin$8.run(DebugUIPlugin.java:1222)
	at org.eclipse.core.internal.jobs.Worker.run(Worker.java:53)
22:58:59 ERROR : Unexpected error while parsing XMD response ￿: com.google.gson.JsonSyntaxException: com.google.gson.stream.MalformedJsonException: invalid number or unquoted string near 
22:59:08 INFO  : Launching XSDB server: xsdb -n /opt/xilinx/SDK/2015.4/scripts/xsdb/xsdb/xsdb-server.tcl
22:59:09 INFO  : XSDB server has started successfully.
23:03:38 INFO  : Launching XSDB server: xsdb -n /opt/xilinx/SDK/2015.4/scripts/xsdb/xsdb/xsdb-server.tcl
23:03:39 INFO  : XSDB server has started successfully.
23:05:37 INFO  : Launching XSDB server: xsdb -n /opt/xilinx/SDK/2015.4/scripts/xsdb/xsdb/xsdb-server.tcl
23:05:39 INFO  : XSDB server has started successfully.
12:57:39 INFO  : Connected to target on host '127.0.0.1' and port '3121'.
12:57:40 INFO  : 'targets -set -filter {jtag_cable_name =~ "Digilent Zed 210248469540" && level==0} -index 1' command is executed.
12:57:42 INFO  : FPGA configured successfully with bitstream "/home/jaffe5/Projects/zedboard/ZedBoard_FreeRTOS_WorkSpace_V3_1_1/system_wrapper_hw_platform_0/system_wrapper.bit"
13:10:26 INFO  : ps7_init is completed.
13:10:26 INFO  : ps7_post_config is completed.
13:10:26 INFO  : Processor reset is completed for ps7_cortexa9_0
13:10:26 ERROR : Unexpected error while opening JTAG UART: 
java.lang.RuntimeException: Error while opening JTAG UART server: MDM Uart NOT Present in the System
Could not detect MDM peripheral on hardware. Please check:
    1. If FPGA is configured correctly
    2. MDM Core is instantiated in the design
    3. If the correct FPGA is referred, in case of multiple FPGAs
    4. If the correct MDM is referred, in case of a multiple MDM system
    

	at com.xilinx.sdk.targetmanager.internal.TM.startJTAGUARTServer(TM.java:951)
	at com.xilinx.sdk.debug.core.internal.comm.JTAGUARTStreamsProxy.<init>(JTAGUARTStreamsProxy.java:32)
	at com.xilinx.sdk.debug.core.internal.RemoteProcess.createStreamsProxy(RemoteProcess.java:164)
	at com.xilinx.sdk.debug.core.internal.RemoteProcess.<init>(RemoteProcess.java:65)
	at com.xilinx.sdk.debug.core.internal.AppRunner.run(AppRunner.java:91)
	at com.xilinx.sdk.debug.core.XilinxAppLaunchConfigurationDelegate.runApplication(XilinxAppLaunchConfigurationDelegate.java:637)
	at com.xilinx.sdk.debug.core.XilinxAppLaunchConfigurationDelegate.launch(XilinxAppLaunchConfigurationDelegate.java:309)
	at com.xilinx.sdk.debug.ui.XilinxAppLaunchDelegateWrapper.launch(XilinxAppLaunchDelegateWrapper.java:31)
	at org.eclipse.debug.internal.core.LaunchConfiguration.launch(LaunchConfiguration.java:858)
	at org.eclipse.debug.internal.core.LaunchConfiguration.launch(LaunchConfiguration.java:707)
	at org.eclipse.debug.internal.ui.DebugUIPlugin.buildAndLaunch(DebugUIPlugin.java:1018)
	at org.eclipse.debug.internal.ui.DebugUIPlugin$8.run(DebugUIPlugin.java:1222)
	at org.eclipse.core.internal.jobs.Worker.run(Worker.java:53)
13:12:23 INFO  : Connected to target on host '127.0.0.1' and port '3121'.
13:12:24 INFO  : 'targets -set -filter {jtag_cable_name =~ "Digilent Zed 210248469540" && level==0} -index 1' command is executed.
13:12:26 INFO  : FPGA configured successfully with bitstream "/home/jaffe5/Projects/zedboard/ZedBoard_FreeRTOS_WorkSpace_V3_1_1/system_wrapper_hw_platform_0/system_wrapper.bit"
13:19:39 ERROR : Unexpected error while parsing XMD response ￿: com.google.gson.JsonSyntaxException: com.google.gson.stream.MalformedJsonException: invalid number or unquoted string near 
13:19:53 INFO  : Launching XSDB server: xsdb -n /opt/xilinx/SDK/2015.4/scripts/xsdb/xsdb/xsdb-server.tcl
13:19:54 INFO  : XSDB server has started successfully.
13:34:30 INFO  : Launching XSDB server: xsdb -n /opt/xilinx/SDK/2015.4/scripts/xsdb/xsdb/xsdb-server.tcl
13:34:31 INFO  : XSDB server has started successfully.
13:50:49 INFO  : Launching XSDB server: xsdb -n /opt/xilinx/SDK/2015.4/scripts/xsdb/xsdb/xsdb-server.tcl
13:50:50 INFO  : XSDB server has started successfully.
13:54:01 INFO  : ps7_init is completed.
13:54:01 INFO  : ps7_post_config is completed.
13:54:01 INFO  : Processor reset is completed for ps7_cortexa9_0
13:54:01 ERROR : Unexpected error while opening JTAG UART: 
java.lang.RuntimeException: Error while opening JTAG UART server: MDM Uart NOT Present in the System
Could not detect MDM peripheral on hardware. Please check:
    1. If FPGA is configured correctly
    2. MDM Core is instantiated in the design
    3. If the correct FPGA is referred, in case of multiple FPGAs
    4. If the correct MDM is referred, in case of a multiple MDM system
    

	at com.xilinx.sdk.targetmanager.internal.TM.startJTAGUARTServer(TM.java:951)
	at com.xilinx.sdk.debug.core.internal.comm.JTAGUARTStreamsProxy.<init>(JTAGUARTStreamsProxy.java:32)
	at com.xilinx.sdk.debug.core.internal.RemoteProcess.createStreamsProxy(RemoteProcess.java:164)
	at com.xilinx.sdk.debug.core.internal.RemoteProcess.<init>(RemoteProcess.java:65)
	at com.xilinx.sdk.debug.core.internal.AppRunner.run(AppRunner.java:91)
	at com.xilinx.sdk.debug.core.XilinxAppLaunchConfigurationDelegate.runApplication(XilinxAppLaunchConfigurationDelegate.java:637)
	at com.xilinx.sdk.debug.core.XilinxAppLaunchConfigurationDelegate.launch(XilinxAppLaunchConfigurationDelegate.java:309)
	at com.xilinx.sdk.debug.ui.XilinxAppLaunchDelegateWrapper.launch(XilinxAppLaunchDelegateWrapper.java:31)
	at org.eclipse.debug.internal.core.LaunchConfiguration.launch(LaunchConfiguration.java:858)
	at org.eclipse.debug.internal.core.LaunchConfiguration.launch(LaunchConfiguration.java:707)
	at org.eclipse.debug.internal.ui.DebugUIPlugin.buildAndLaunch(DebugUIPlugin.java:1018)
	at org.eclipse.debug.internal.ui.DebugUIPlugin$8.run(DebugUIPlugin.java:1222)
	at org.eclipse.core.internal.jobs.Worker.run(Worker.java:53)
13:54:33 INFO  : Processor reset is completed for ps7_cortexa9_0
13:54:49 INFO  : Processor reset is completed for ps7_cortexa9_0
13:58:41 ERROR : Unexpected error while parsing XMD response ￿: com.google.gson.JsonSyntaxException: com.google.gson.stream.MalformedJsonException: invalid number or unquoted string near 
13:59:29 INFO  : Launching XSDB server: xsdb -n /opt/xilinx/SDK/2015.4/scripts/xsdb/xsdb/xsdb-server.tcl
13:59:30 INFO  : XSDB server has started successfully.
13:59:51 INFO  : Connected to target on host '127.0.0.1' and port '3121'.
13:59:51 INFO  : 'targets -set -filter {jtag_cable_name =~ "Digilent Zed 210248469540" && level==0} -index 1' command is executed.
13:59:54 INFO  : FPGA configured successfully with bitstream "/home/jaffe5/Projects/zedboard/ZedBoard_FreeRTOS_WorkSpace_V3_1_1/system_wrapper_hw_platform_0/system_wrapper.bit"
13:59:58 INFO  : ps7_init is completed.
13:59:59 INFO  : ps7_post_config is completed.
13:59:59 INFO  : Processor reset is completed for ps7_cortexa9_0
14:18:01 INFO  : ps7_cortexa9_0 Processor is in use. Please stop existing Run or Debug sessions before launching.
14:18:03 INFO  : Processor reset is completed for ps7_cortexa9_0
16:41:39 INFO  : Processor reset is completed for ps7_cortexa9_0
16:42:41 INFO  : Processor reset is completed for ps7_cortexa9_0
16:43:00 INFO  : Processor reset is completed for ps7_cortexa9_0
16:43:33 INFO  : Connected to target on host '127.0.0.1' and port '3121'.
16:43:33 INFO  : 'targets -set -filter {jtag_cable_name =~ "Digilent Zed 210248469540" && level==0} -index 1' command is executed.
16:43:35 INFO  : FPGA configured successfully with bitstream "/home/jaffe5/Projects/zedboard/ZedBoard_FreeRTOS_WorkSpace_V3_1_1/system_wrapper_hw_platform_0/system_wrapper.bit"
16:43:41 INFO  : ps7_init is completed.
16:43:41 INFO  : ps7_post_config is completed.
16:43:42 INFO  : Processor reset is completed for ps7_cortexa9_0
16:44:43 INFO  : ps7_cortexa9_0 Processor is in use. Please stop existing Run or Debug sessions before launching.
16:44:45 INFO  : Processor reset is completed for ps7_cortexa9_0
16:45:11 INFO  : Processor reset is completed for ps7_cortexa9_0
18:21:47 INFO  : FPGA Cable Disconnected. All active launches will be terminated.
18:21:47 WARN  : Terminating existing sessions on processor ps7_cortexa9_0
22:48:44 INFO  : Connected to target on host '127.0.0.1' and port '3121'.
22:48:45 INFO  : 'targets -set -filter {jtag_cable_name =~ "Digilent Zed 210248469540" && level==0} -index 1' command is executed.
22:48:47 INFO  : FPGA configured successfully with bitstream "/home/jaffe5/Projects/zedboard/ZedBoard_FreeRTOS_WorkSpace_V3_1_1/system_wrapper_hw_platform_0/system_wrapper.bit"
22:48:51 INFO  : ps7_init is completed.
22:48:52 INFO  : ps7_post_config is completed.
22:48:52 INFO  : Processor reset is completed for ps7_cortexa9_0
23:30:52 INFO  : ps7_cortexa9_0 Processor is in use. Please stop existing Run or Debug sessions before launching.
23:30:54 INFO  : Processor reset is completed for ps7_cortexa9_0
23:31:56 INFO  : ps7_cortexa9_0 Processor is in use. Please stop existing Run or Debug sessions before launching.
23:31:58 INFO  : Processor reset is completed for ps7_cortexa9_0
23:32:27 INFO  : Connected to target on host '127.0.0.1' and port '3121'.
23:32:28 INFO  : 'targets -set -filter {jtag_cable_name =~ "Digilent Zed 210248469540" && level==0} -index 1' command is executed.
23:32:30 INFO  : FPGA configured successfully with bitstream "/home/jaffe5/Projects/zedboard/ZedBoard_FreeRTOS_WorkSpace_V3_1_1/system_wrapper_hw_platform_0/system_wrapper.bit"
23:32:55 INFO  : ps7_init is completed.
23:32:55 INFO  : ps7_post_config is completed.
23:32:55 INFO  : Processor reset is completed for ps7_cortexa9_0
23:33:12 INFO  : ps7_cortexa9_0 Processor is in use. Please stop existing Run or Debug sessions before launching.
23:33:14 INFO  : Processor reset is completed for ps7_cortexa9_0
23:35:20 INFO  : ps7_cortexa9_0 Processor is in use. Please stop existing Run or Debug sessions before launching.
23:35:22 INFO  : Processor reset is completed for ps7_cortexa9_0
23:35:45 INFO  : Processor reset is completed for ps7_cortexa9_0
23:36:13 INFO  : ps7_cortexa9_0 Processor is in use. Please stop existing Run or Debug sessions before launching.
23:36:15 INFO  : Processor reset is completed for ps7_cortexa9_0
21:18:49 ERROR : Unexpected error while parsing XMD response ￿: com.google.gson.JsonSyntaxException: com.google.gson.stream.MalformedJsonException: invalid number or unquoted string near 
20:51:00 INFO  : Launching XSDB server: xsdb -n /opt/xilinx/SDK/2015.4/scripts/xsdb/xsdb/xsdb-server.tcl
20:51:01 INFO  : XSDB server has started successfully.
20:52:04 INFO  : Connected to target on host '127.0.0.1' and port '3121'.
20:52:04 INFO  : 'targets -set -filter {jtag_cable_name =~ "Digilent Zed 210248469540" && level==0} -index 1' command is executed.
20:52:07 INFO  : FPGA configured successfully with bitstream "/home/jaffe5/Projects/zedboard/ZedBoard_FreeRTOS_WorkSpace_V3_1_1/system_wrapper_hw_platform_0/system_wrapper.bit"
20:52:13 INFO  : ps7_init is completed.
20:52:13 INFO  : ps7_post_config is completed.
20:52:13 INFO  : Processor reset is completed for ps7_cortexa9_0
20:52:47 INFO  : ps7_cortexa9_0 Processor is in use. Please stop existing Run or Debug sessions before launching.
20:52:48 INFO  : Processor reset is completed for ps7_cortexa9_0
00:06:33 ERROR : Checking FPGA configuration failed..Connection to Board Failed


    Failed to open Cable Node jsn-Zed-210248469540 on TCP:127.0.0.1:3121


00:06:33 ERROR : Unexpected error while launching program.
com.xilinx.sdk.targetmanager.TMException: Connection to Board Failed


    Failed to open Cable Node jsn-Zed-210248469540 on TCP:127.0.0.1:3121


	at com.xilinx.sdk.targetmanager.internal.TM.isFPGAConfigured(TM.java:374)
	at com.xilinx.sdk.debug.core.XilinxAppLaunchConfigurationDelegate.isFpgaConfigured(XilinxAppLaunchConfigurationDelegate.java:409)
	at com.xilinx.sdk.debug.core.XilinxAppLaunchConfigurationDelegate.launch(XilinxAppLaunchConfigurationDelegate.java:303)
	at com.xilinx.sdk.debug.ui.XilinxAppLaunchDelegateWrapper.launch(XilinxAppLaunchDelegateWrapper.java:31)
	at org.eclipse.debug.internal.core.LaunchConfiguration.launch(LaunchConfiguration.java:858)
	at org.eclipse.debug.internal.core.LaunchConfiguration.launch(LaunchConfiguration.java:707)
	at org.eclipse.debug.internal.ui.DebugUIPlugin.buildAndLaunch(DebugUIPlugin.java:1018)
	at org.eclipse.debug.internal.ui.DebugUIPlugin$8.run(DebugUIPlugin.java:1222)
	at org.eclipse.core.internal.jobs.Worker.run(Worker.java:53)
00:07:15 INFO  : Connected to target on host '127.0.0.1' and port '3121'.
00:07:15 INFO  : 'targets -set -filter {jtag_cable_name =~ "Digilent Zed 210248469540" && level==0} -index 1' command is executed.
00:07:18 INFO  : FPGA configured successfully with bitstream "/home/jaffe5/Projects/zedboard/ZedBoard_FreeRTOS_WorkSpace_V3_1_1/system_wrapper_hw_platform_0/system_wrapper.bit"
00:07:22 INFO  : ps7_init is completed.
00:07:22 INFO  : ps7_post_config is completed.
00:07:22 INFO  : Processor reset is completed for ps7_cortexa9_0
00:30:04 ERROR : Unexpected error while parsing XMD response ￿: com.google.gson.JsonSyntaxException: com.google.gson.stream.MalformedJsonException: invalid number or unquoted string near 
16:28:57 INFO  : Launching XSDB server: xsdb -n /opt/xilinx/SDK/2015.4/scripts/xsdb/xsdb/xsdb-server.tcl
16:28:58 INFO  : XSDB server has started successfully.
16:32:56 INFO  : Connected to target on host '127.0.0.1' and port '3121'.
16:32:57 INFO  : 'targets -set -filter {jtag_cable_name =~ "Digilent Zed 210248469540" && level==0} -index 1' command is executed.
16:32:59 INFO  : FPGA configured successfully with bitstream "/home/jaffe5/Projects/zedboard/ZedBoard_FreeRTOS_WorkSpace_V3_1_1/system_wrapper_hw_platform_0/system_wrapper.bit"
16:33:08 INFO  : ps7_init is completed.
16:33:08 INFO  : ps7_post_config is completed.
16:33:08 INFO  : Processor reset is completed for ps7_cortexa9_0
16:36:17 INFO  : Processor reset is completed for ps7_cortexa9_0
16:36:38 INFO  : Processor reset is completed for ps7_cortexa9_0
16:37:18 INFO  : ps7_cortexa9_0 Processor is in use. Please stop existing Run or Debug sessions before launching.
16:37:19 INFO  : Processor reset is completed for ps7_cortexa9_0
16:37:42 INFO  : ps7_cortexa9_0 Processor is in use. Please stop existing Run or Debug sessions before launching.
16:37:43 INFO  : Processor reset is completed for ps7_cortexa9_0
16:38:04 INFO  : Processor reset is completed for ps7_cortexa9_0
16:38:15 INFO  : ps7_cortexa9_0 Processor is in use. Please stop existing Run or Debug sessions before launching.
16:38:16 INFO  : Processor reset is completed for ps7_cortexa9_0
16:38:47 INFO  : Connected to target on host '127.0.0.1' and port '3121'.
16:38:47 INFO  : 'targets -set -filter {jtag_cable_name =~ "Digilent Zed 210248469540" && level==0} -index 1' command is executed.
16:38:49 INFO  : FPGA configured successfully with bitstream "/home/jaffe5/Projects/zedboard/ZedBoard_FreeRTOS_WorkSpace_V3_1_1/system_wrapper_hw_platform_0/system_wrapper.bit"
16:38:53 INFO  : ps7_init is completed.
16:38:53 INFO  : ps7_post_config is completed.
16:38:53 INFO  : Processor reset is completed for ps7_cortexa9_0
16:39:06 INFO  : Processor reset is completed for ps7_cortexa9_0
16:39:19 INFO  : ps7_cortexa9_0 Processor is in use. Please stop existing Run or Debug sessions before launching.
16:39:20 INFO  : Processor reset is completed for ps7_cortexa9_0
16:39:53 INFO  : Connected to target on host '127.0.0.1' and port '3121'.
16:39:54 INFO  : 'targets -set -filter {jtag_cable_name =~ "Digilent Zed 210248469540" && level==0} -index 1' command is executed.
16:39:56 INFO  : FPGA configured successfully with bitstream "/home/jaffe5/Projects/zedboard/ZedBoard_FreeRTOS_WorkSpace_V3_1_1/system_wrapper_hw_platform_0/system_wrapper.bit"
16:39:59 INFO  : ps7_init is completed.
16:39:59 INFO  : ps7_post_config is completed.
16:39:59 INFO  : Processor reset is completed for ps7_cortexa9_0
16:40:38 INFO  : Processor reset is completed for ps7_cortexa9_0
16:43:38 INFO  : Processor reset is completed for ps7_cortexa9_0
16:58:48 INFO  : Processor reset is completed for ps7_cortexa9_0
16:59:11 INFO  : ps7_cortexa9_0 Processor is in use. Please stop existing Run or Debug sessions before launching.
16:59:13 INFO  : Processor reset is completed for ps7_cortexa9_0
17:01:13 INFO  : Processor reset is completed for ps7_cortexa9_0
17:02:05 INFO  : Connected to target on host '127.0.0.1' and port '3121'.
17:02:05 INFO  : 'targets -set -filter {jtag_cable_name =~ "Digilent Zed 210248469540" && level==0} -index 1' command is executed.
17:02:08 INFO  : FPGA configured successfully with bitstream "/home/jaffe5/Projects/zedboard/ZedBoard_FreeRTOS_WorkSpace_V3_1_1/system_wrapper_hw_platform_0/system_wrapper.bit"
17:02:14 INFO  : ps7_init is completed.
17:02:14 INFO  : ps7_post_config is completed.
17:02:14 INFO  : Processor reset is completed for ps7_cortexa9_0
17:02:55 INFO  : Processor reset is completed for ps7_cortexa9_0
17:03:49 INFO  : Processor reset is completed for ps7_cortexa9_0
17:04:20 INFO  : Processor reset is completed for ps7_cortexa9_0
17:08:08 INFO  : Processor reset is completed for ps7_cortexa9_0
17:09:15 INFO  : Processor reset is completed for ps7_cortexa9_0
17:09:39 INFO  : Processor reset is completed for ps7_cortexa9_0
17:10:15 INFO  : Processor reset is completed for ps7_cortexa9_0
17:13:41 INFO  : Processor reset is completed for ps7_cortexa9_0
17:14:18 INFO  : Processor reset is completed for ps7_cortexa9_0
17:15:28 INFO  : Processor reset is completed for ps7_cortexa9_0
17:16:46 INFO  : Processor reset is completed for ps7_cortexa9_0
17:17:02 INFO  : ps7_cortexa9_0 Processor is in use. Please stop existing Run or Debug sessions before launching.
17:17:03 INFO  : Processor reset is completed for ps7_cortexa9_0
17:17:20 INFO  : ps7_cortexa9_0 Processor is in use. Please stop existing Run or Debug sessions before launching.
17:17:22 INFO  : Processor reset is completed for ps7_cortexa9_0
17:17:59 INFO  : ps7_cortexa9_0 Processor is in use. Please stop existing Run or Debug sessions before launching.
17:18:11 INFO  : Processor reset is completed for ps7_cortexa9_0
17:22:05 INFO  : Processor reset is completed for ps7_cortexa9_0
17:24:24 INFO  : ps7_cortexa9_0 Processor is in use. Please stop existing Run or Debug sessions before launching.
17:24:26 INFO  : Processor reset is completed for ps7_cortexa9_0
17:24:50 INFO  : ps7_cortexa9_0 Processor is in use. Please stop existing Run or Debug sessions before launching.
17:24:51 INFO  : Processor reset is completed for ps7_cortexa9_0
17:25:16 INFO  : Processor reset is completed for ps7_cortexa9_0
17:25:44 INFO  : Processor reset is completed for ps7_cortexa9_0
17:26:08 INFO  : ps7_cortexa9_0 Processor is in use. Please stop existing Run or Debug sessions before launching.
17:26:10 INFO  : Processor reset is completed for ps7_cortexa9_0
17:28:10 INFO  : Processor reset is completed for ps7_cortexa9_0
17:30:30 INFO  : Processor reset is completed for ps7_cortexa9_0
17:32:56 INFO  : Processor reset is completed for ps7_cortexa9_0
17:33:24 INFO  : Connected to target on host '127.0.0.1' and port '3121'.
17:33:25 INFO  : 'targets -set -filter {jtag_cable_name =~ "Digilent Zed 210248469540" && level==0} -index 1' command is executed.
17:33:27 INFO  : FPGA configured successfully with bitstream "/home/jaffe5/Projects/zedboard/ZedBoard_FreeRTOS_WorkSpace_V3_1_1/system_wrapper_hw_platform_0/system_wrapper.bit"
17:33:32 INFO  : ps7_init is completed.
17:33:32 INFO  : ps7_post_config is completed.
17:33:32 INFO  : Processor reset is completed for ps7_cortexa9_0
17:34:28 INFO  : Processor reset is completed for ps7_cortexa9_0
17:34:52 INFO  : ps7_cortexa9_0 Processor is in use. Please stop existing Run or Debug sessions before launching.
17:34:53 INFO  : Processor reset is completed for ps7_cortexa9_0
17:35:08 INFO  : ps7_cortexa9_0 Processor is in use. Please stop existing Run or Debug sessions before launching.
17:35:10 INFO  : Processor reset is completed for ps7_cortexa9_0
17:35:27 INFO  : ps7_cortexa9_0 Processor is in use. Please stop existing Run or Debug sessions before launching.
17:35:29 INFO  : Processor reset is completed for ps7_cortexa9_0
17:38:03 INFO  : Processor reset is completed for ps7_cortexa9_0
17:47:45 INFO  : Processor reset is completed for ps7_cortexa9_0
17:48:08 INFO  : Processor reset is completed for ps7_cortexa9_0
17:52:02 INFO  : Processor reset is completed for ps7_cortexa9_0
17:52:38 INFO  : Processor reset is completed for ps7_cortexa9_0
17:53:00 INFO  : Processor reset is completed for ps7_cortexa9_0
17:53:51 INFO  : Processor reset is completed for ps7_cortexa9_0
17:54:03 ERROR : Unexpected error while launching program.
java.lang.RuntimeException: Error while running ps7_init method.
No Target with ID 64 in the System


	at com.xilinx.sdk.targetmanager.internal.TM.run_ps7_init(TM.java:1089)
	at com.xilinx.sdk.debug.core.XilinxAppLaunchConfigurationDelegate.runTargetSetup(XilinxAppLaunchConfigurationDelegate.java:514)
	at com.xilinx.sdk.debug.core.XilinxAppLaunchConfigurationDelegate.runApplication(XilinxAppLaunchConfigurationDelegate.java:616)
	at com.xilinx.sdk.debug.core.XilinxAppLaunchConfigurationDelegate.launch(XilinxAppLaunchConfigurationDelegate.java:309)
	at com.xilinx.sdk.debug.ui.XilinxAppLaunchDelegateWrapper.launch(XilinxAppLaunchDelegateWrapper.java:31)
	at org.eclipse.debug.internal.core.LaunchConfiguration.launch(LaunchConfiguration.java:858)
	at org.eclipse.debug.internal.core.LaunchConfiguration.launch(LaunchConfiguration.java:707)
	at org.eclipse.debug.internal.ui.DebugUIPlugin.buildAndLaunch(DebugUIPlugin.java:1018)
	at org.eclipse.debug.internal.ui.DebugUIPlugin$8.run(DebugUIPlugin.java:1222)
	at org.eclipse.core.internal.jobs.Worker.run(Worker.java:53)
17:54:54 INFO  : FPGA Cable Disconnected. All active launches will be terminated.
17:54:58 INFO  : Time out for XMD transaction is 60000
If you want to increase the timeout value, goto Windows-> Preferences -> Xilinx SDK -> XMD Startup
17:54:58 ERROR : Timeout occured while waiting to get reply for command "xdisconnect 64"
17:54:58 ERROR : Disconnect target failed.
17:54:58 ERROR : Disconnect target failed.No Target with ID 64 in the System


17:54:58 ERROR : Disconnect target failed.No Target with ID 64 in the System


17:55:04 INFO  : Connected to target on host '127.0.0.1' and port '3121'.
17:55:04 INFO  : 'targets -set -filter {jtag_cable_name =~ "Digilent Zed 210248469540" && level==0} -index 1' command is executed.
17:55:07 INFO  : FPGA configured successfully with bitstream "/home/jaffe5/Projects/zedboard/ZedBoard_FreeRTOS_WorkSpace_V3_1_1/system_wrapper_hw_platform_0/system_wrapper.bit"
17:55:11 ERROR : Checking FPGA configuration failed..Lost communication with jtag cable. Run "xdisconnect -cable"
                           and start over again


17:55:11 ERROR : Unexpected error while launching program.
com.xilinx.sdk.targetmanager.TMException: Lost communication with jtag cable. Run "xdisconnect -cable"
                           and start over again


	at com.xilinx.sdk.targetmanager.internal.TM.isFPGAConfigured(TM.java:374)
	at com.xilinx.sdk.debug.core.XilinxAppLaunchConfigurationDelegate.isFpgaConfigured(XilinxAppLaunchConfigurationDelegate.java:409)
	at com.xilinx.sdk.debug.core.XilinxAppLaunchConfigurationDelegate.launch(XilinxAppLaunchConfigurationDelegate.java:303)
	at com.xilinx.sdk.debug.ui.XilinxAppLaunchDelegateWrapper.launch(XilinxAppLaunchDelegateWrapper.java:31)
	at org.eclipse.debug.internal.core.LaunchConfiguration.launch(LaunchConfiguration.java:858)
	at org.eclipse.debug.internal.core.LaunchConfiguration.launch(LaunchConfiguration.java:707)
	at org.eclipse.debug.internal.ui.DebugUIPlugin.buildAndLaunch(DebugUIPlugin.java:1018)
	at org.eclipse.debug.internal.ui.DebugUIPlugin$8.run(DebugUIPlugin.java:1222)
	at org.eclipse.core.internal.jobs.Worker.run(Worker.java:53)
17:55:12 ERROR : Disconnect target failed.No Target with ID 64 in the System


17:55:18 ERROR : Checking FPGA configuration failed..Lost communication with jtag cable. Run "xdisconnect -cable"
                           and start over again


17:55:18 ERROR : Unexpected error while launching program.
com.xilinx.sdk.targetmanager.TMException: Lost communication with jtag cable. Run "xdisconnect -cable"
                           and start over again


	at com.xilinx.sdk.targetmanager.internal.TM.isFPGAConfigured(TM.java:374)
	at com.xilinx.sdk.debug.core.XilinxAppLaunchConfigurationDelegate.isFpgaConfigured(XilinxAppLaunchConfigurationDelegate.java:409)
	at com.xilinx.sdk.debug.core.XilinxAppLaunchConfigurationDelegate.launch(XilinxAppLaunchConfigurationDelegate.java:303)
	at com.xilinx.sdk.debug.ui.XilinxAppLaunchDelegateWrapper.launch(XilinxAppLaunchDelegateWrapper.java:31)
	at org.eclipse.debug.internal.core.LaunchConfiguration.launch(LaunchConfiguration.java:858)
	at org.eclipse.debug.internal.core.LaunchConfiguration.launch(LaunchConfiguration.java:707)
	at org.eclipse.debug.internal.ui.DebugUIPlugin.buildAndLaunch(DebugUIPlugin.java:1018)
	at org.eclipse.debug.internal.ui.DebugUIPlugin$8.run(DebugUIPlugin.java:1222)
	at org.eclipse.core.internal.jobs.Worker.run(Worker.java:53)
17:55:19 ERROR : Disconnect target failed.No Target with ID 64 in the System


17:55:31 INFO  : Connected to target on host '127.0.0.1' and port '3121'.
17:55:32 INFO  : 'targets -set -filter {jtag_cable_name =~ "Digilent Zed 210248469540" && level==0} -index 1' command is executed.
17:55:35 INFO  : FPGA configured successfully with bitstream "/home/jaffe5/Projects/zedboard/ZedBoard_FreeRTOS_WorkSpace_V3_1_1/system_wrapper_hw_platform_0/system_wrapper.bit"
17:55:39 ERROR : Checking FPGA configuration failed..Lost communication with jtag cable. Run "xdisconnect -cable"
                           and start over again


17:55:39 ERROR : Unexpected error while launching program.
com.xilinx.sdk.targetmanager.TMException: Lost communication with jtag cable. Run "xdisconnect -cable"
                           and start over again


	at com.xilinx.sdk.targetmanager.internal.TM.isFPGAConfigured(TM.java:374)
	at com.xilinx.sdk.debug.core.XilinxAppLaunchConfigurationDelegate.isFpgaConfigured(XilinxAppLaunchConfigurationDelegate.java:409)
	at com.xilinx.sdk.debug.core.XilinxAppLaunchConfigurationDelegate.launch(XilinxAppLaunchConfigurationDelegate.java:303)
	at com.xilinx.sdk.debug.ui.XilinxAppLaunchDelegateWrapper.launch(XilinxAppLaunchDelegateWrapper.java:31)
	at org.eclipse.debug.internal.core.LaunchConfiguration.launch(LaunchConfiguration.java:858)
	at org.eclipse.debug.internal.core.LaunchConfiguration.launch(LaunchConfiguration.java:707)
	at org.eclipse.debug.internal.ui.DebugUIPlugin.buildAndLaunch(DebugUIPlugin.java:1018)
	at org.eclipse.debug.internal.ui.DebugUIPlugin$8.run(DebugUIPlugin.java:1222)
	at org.eclipse.core.internal.jobs.Worker.run(Worker.java:53)
17:55:39 ERROR : Disconnect target failed.No Target with ID 64 in the System


17:55:50 ERROR : Checking FPGA configuration failed..Lost communication with jtag cable. Run "xdisconnect -cable"
                           and start over again


17:55:50 ERROR : Unexpected error while launching program.
com.xilinx.sdk.targetmanager.TMException: Lost communication with jtag cable. Run "xdisconnect -cable"
                           and start over again


	at com.xilinx.sdk.targetmanager.internal.TM.isFPGAConfigured(TM.java:374)
	at com.xilinx.sdk.debug.core.XilinxAppLaunchConfigurationDelegate.isFpgaConfigured(XilinxAppLaunchConfigurationDelegate.java:409)
	at com.xilinx.sdk.debug.core.XilinxAppLaunchConfigurationDelegate.launch(XilinxAppLaunchConfigurationDelegate.java:303)
	at com.xilinx.sdk.debug.ui.XilinxAppLaunchDelegateWrapper.launch(XilinxAppLaunchDelegateWrapper.java:31)
	at org.eclipse.debug.internal.core.LaunchConfiguration.launch(LaunchConfiguration.java:858)
	at org.eclipse.debug.internal.core.LaunchConfiguration.launch(LaunchConfiguration.java:707)
	at org.eclipse.debug.internal.ui.DebugUIPlugin.buildAndLaunch(DebugUIPlugin.java:1018)
	at org.eclipse.debug.internal.ui.DebugUIPlugin$8.run(DebugUIPlugin.java:1222)
	at org.eclipse.core.internal.jobs.Worker.run(Worker.java:53)
17:55:50 ERROR : Disconnect target failed.No Target with ID 64 in the System


17:55:56 ERROR : Checking FPGA configuration failed..Lost communication with jtag cable. Run "xdisconnect -cable"
                           and start over again


17:55:56 ERROR : Unexpected error while launching program.
com.xilinx.sdk.targetmanager.TMException: Lost communication with jtag cable. Run "xdisconnect -cable"
                           and start over again


	at com.xilinx.sdk.targetmanager.internal.TM.isFPGAConfigured(TM.java:374)
	at com.xilinx.sdk.debug.core.XilinxAppLaunchConfigurationDelegate.isFpgaConfigured(XilinxAppLaunchConfigurationDelegate.java:409)
	at com.xilinx.sdk.debug.core.XilinxAppLaunchConfigurationDelegate.launch(XilinxAppLaunchConfigurationDelegate.java:303)
	at com.xilinx.sdk.debug.ui.XilinxAppLaunchDelegateWrapper.launch(XilinxAppLaunchDelegateWrapper.java:31)
	at org.eclipse.debug.internal.core.LaunchConfiguration.launch(LaunchConfiguration.java:858)
	at org.eclipse.debug.internal.core.LaunchConfiguration.launch(LaunchConfiguration.java:707)
	at org.eclipse.debug.internal.ui.DebugUIPlugin.buildAndLaunch(DebugUIPlugin.java:1018)
	at org.eclipse.debug.internal.ui.DebugUIPlugin$8.run(DebugUIPlugin.java:1222)
	at org.eclipse.core.internal.jobs.Worker.run(Worker.java:53)
17:55:56 ERROR : Disconnect target failed.No Target with ID 64 in the System


17:56:46 INFO  : Connected to target on host '127.0.0.1' and port '3121'.
17:56:46 INFO  : 'targets -set -filter {jtag_cable_name =~ "Digilent Zed 210248469540" && level==0} -index 1' command is executed.
17:56:49 INFO  : FPGA configured successfully with bitstream "/home/jaffe5/Projects/zedboard/ZedBoard_FreeRTOS_WorkSpace_V3_1_1/system_wrapper_hw_platform_0/system_wrapper.bit"
17:56:56 ERROR : Checking FPGA configuration failed..Lost communication with jtag cable. Run "xdisconnect -cable"
                           and start over again


17:56:56 ERROR : Unexpected error while launching program.
com.xilinx.sdk.targetmanager.TMException: Lost communication with jtag cable. Run "xdisconnect -cable"
                           and start over again


	at com.xilinx.sdk.targetmanager.internal.TM.isFPGAConfigured(TM.java:374)
	at com.xilinx.sdk.debug.core.XilinxAppLaunchConfigurationDelegate.isFpgaConfigured(XilinxAppLaunchConfigurationDelegate.java:409)
	at com.xilinx.sdk.debug.core.XilinxAppLaunchConfigurationDelegate.launch(XilinxAppLaunchConfigurationDelegate.java:303)
	at com.xilinx.sdk.debug.ui.XilinxAppLaunchDelegateWrapper.launch(XilinxAppLaunchDelegateWrapper.java:31)
	at org.eclipse.debug.internal.core.LaunchConfiguration.launch(LaunchConfiguration.java:858)
	at org.eclipse.debug.internal.core.LaunchConfiguration.launch(LaunchConfiguration.java:707)
	at org.eclipse.debug.internal.ui.DebugUIPlugin.buildAndLaunch(DebugUIPlugin.java:1018)
	at org.eclipse.debug.internal.ui.DebugUIPlugin$8.run(DebugUIPlugin.java:1222)
	at org.eclipse.core.internal.jobs.Worker.run(Worker.java:53)
17:56:56 ERROR : Disconnect target failed.No Target with ID 64 in the System


17:57:40 INFO  : Connected to target on host '127.0.0.1' and port '3121'.
17:57:40 INFO  : 'targets -set -filter {jtag_cable_name =~ "Digilent Zed 210248469540" && level==0} -index 1' command is executed.
17:57:43 INFO  : FPGA configured successfully with bitstream "/home/jaffe5/Projects/zedboard/ZedBoard_FreeRTOS_WorkSpace_V3_1_1/system_wrapper_hw_platform_0/system_wrapper.bit"
17:57:52 ERROR : Checking FPGA configuration failed..Lost communication with jtag cable. Run "xdisconnect -cable"
                           and start over again


17:57:52 ERROR : Unexpected error while launching program.
com.xilinx.sdk.targetmanager.TMException: Lost communication with jtag cable. Run "xdisconnect -cable"
                           and start over again


	at com.xilinx.sdk.targetmanager.internal.TM.isFPGAConfigured(TM.java:374)
	at com.xilinx.sdk.debug.core.XilinxAppLaunchConfigurationDelegate.isFpgaConfigured(XilinxAppLaunchConfigurationDelegate.java:409)
	at com.xilinx.sdk.debug.core.XilinxAppLaunchConfigurationDelegate.launch(XilinxAppLaunchConfigurationDelegate.java:303)
	at com.xilinx.sdk.debug.ui.XilinxAppLaunchDelegateWrapper.launch(XilinxAppLaunchDelegateWrapper.java:31)
	at org.eclipse.debug.internal.core.LaunchConfiguration.launch(LaunchConfiguration.java:858)
	at org.eclipse.debug.internal.core.LaunchConfiguration.launch(LaunchConfiguration.java:707)
	at org.eclipse.debug.internal.ui.DebugUIPlugin.buildAndLaunch(DebugUIPlugin.java:1018)
	at org.eclipse.debug.internal.ui.DebugUIPlugin$8.run(DebugUIPlugin.java:1222)
	at org.eclipse.core.internal.jobs.Worker.run(Worker.java:53)
17:57:52 ERROR : Disconnect target failed.No Target with ID 64 in the System


17:58:10 ERROR : Checking FPGA configuration failed..Lost communication with jtag cable. Run "xdisconnect -cable"
                           and start over again


17:58:10 ERROR : Unexpected error while launching program.
com.xilinx.sdk.targetmanager.TMException: Lost communication with jtag cable. Run "xdisconnect -cable"
                           and start over again


	at com.xilinx.sdk.targetmanager.internal.TM.isFPGAConfigured(TM.java:374)
	at com.xilinx.sdk.debug.core.XilinxAppLaunchConfigurationDelegate.isFpgaConfigured(XilinxAppLaunchConfigurationDelegate.java:409)
	at com.xilinx.sdk.debug.core.XilinxAppLaunchConfigurationDelegate.launch(XilinxAppLaunchConfigurationDelegate.java:303)
	at com.xilinx.sdk.debug.ui.XilinxAppLaunchDelegateWrapper.launch(XilinxAppLaunchDelegateWrapper.java:31)
	at org.eclipse.debug.internal.core.LaunchConfiguration.launch(LaunchConfiguration.java:858)
	at org.eclipse.debug.internal.core.LaunchConfiguration.launch(LaunchConfiguration.java:707)
	at org.eclipse.debug.internal.ui.DebugUIPlugin.buildAndLaunch(DebugUIPlugin.java:1018)
	at org.eclipse.debug.internal.ui.DebugUIPlugin$8.run(DebugUIPlugin.java:1222)
	at org.eclipse.core.internal.jobs.Worker.run(Worker.java:53)
17:58:10 ERROR : Disconnect target failed.No Target with ID 64 in the System


17:58:21 ERROR : Disconnect target failed.No Target with ID 64 in the System


17:58:21 ERROR : Unable to disconnect from existing targets
java.lang.RuntimeException: No Target with ID 64 in the System


	at com.xilinx.sdk.targetmanager.internal.TM.disconnectTarget(TM.java:329)
	at com.xilinx.sdk.targetmanager.internal.TM.disconnectExistingTargets(TM.java:308)
	at com.xilinx.sdk.targetmanager.internal.TM.terminate(TM.java:212)
	at com.xilinx.sdk.targetmanager.TMPlugin.stop(TMPlugin.java:58)
	at org.eclipse.osgi.framework.internal.core.BundleContextImpl$2.run(BundleContextImpl.java:771)
	at java.security.AccessController.doPrivileged(Native Method)
	at org.eclipse.osgi.framework.internal.core.BundleContextImpl.stop(BundleContextImpl.java:764)
	at org.eclipse.osgi.framework.internal.core.BundleHost.stopWorker(BundleHost.java:510)
	at org.eclipse.osgi.framework.internal.core.AbstractBundle.suspend(AbstractBundle.java:566)
	at org.eclipse.osgi.framework.internal.core.Framework.suspendBundle(Framework.java:1206)
	at org.eclipse.osgi.framework.internal.core.StartLevelManager.decFWSL(StartLevelManager.java:592)
	at org.eclipse.osgi.framework.internal.core.StartLevelManager.doSetStartLevel(StartLevelManager.java:257)
	at org.eclipse.osgi.framework.internal.core.StartLevelManager.shutdown(StartLevelManager.java:215)
	at org.eclipse.osgi.framework.internal.core.InternalSystemBundle.suspend(InternalSystemBundle.java:284)
	at org.eclipse.osgi.framework.internal.core.Framework.shutdown(Framework.java:692)
	at org.eclipse.osgi.framework.internal.core.Framework.close(Framework.java:600)
	at org.eclipse.core.runtime.adaptor.EclipseStarter.shutdown(EclipseStarter.java:400)
	at org.eclipse.core.runtime.adaptor.EclipseStarter.run(EclipseStarter.java:200)
	at sun.reflect.NativeMethodAccessorImpl.invoke0(Native Method)
	at sun.reflect.NativeMethodAccessorImpl.invoke(NativeMethodAccessorImpl.java:62)
	at sun.reflect.DelegatingMethodAccessorImpl.invoke(DelegatingMethodAccessorImpl.java:43)
	at java.lang.reflect.Method.invoke(Method.java:497)
	at org.eclipse.equinox.launcher.Main.invokeFramework(Main.java:636)
	at org.eclipse.equinox.launcher.Main.basicRun(Main.java:591)
	at org.eclipse.equinox.launcher.Main.run(Main.java:1450)
	at org.eclipse.equinox.launcher.Main.main(Main.java:1426)
17:58:21 ERROR : Unexpected error while parsing XMD response ￿: com.google.gson.JsonSyntaxException: com.google.gson.stream.MalformedJsonException: invalid number or unquoted string near 
17:58:46 INFO  : Launching XSDB server: xsdb -n /opt/xilinx/SDK/2015.4/scripts/xsdb/xsdb/xsdb-server.tcl
17:58:47 INFO  : XSDB server has started successfully.
17:58:56 INFO  : Connected to target on host '127.0.0.1' and port '3121'.
17:58:57 INFO  : 'targets -set -filter {jtag_cable_name =~ "Digilent Zed 210248469540" && level==0} -index 1' command is executed.
17:58:59 INFO  : FPGA configured successfully with bitstream "/home/jaffe5/Projects/zedboard/ZedBoard_FreeRTOS_WorkSpace_V3_1_1/system_wrapper_hw_platform_0/system_wrapper.bit"
17:59:07 INFO  : ps7_init is completed.
17:59:07 INFO  : ps7_post_config is completed.
17:59:07 INFO  : Processor reset is completed for ps7_cortexa9_0
17:59:33 INFO  : Processor reset is completed for ps7_cortexa9_0
18:09:33 INFO  : Processor reset is completed for ps7_cortexa9_0
18:10:00 INFO  : Processor reset is completed for ps7_cortexa9_0
18:10:30 INFO  : ps7_cortexa9_0 Processor is in use. Please stop existing Run or Debug sessions before launching.
18:10:32 INFO  : Processor reset is completed for ps7_cortexa9_0
18:14:01 INFO  : ps7_cortexa9_0 Processor is in use. Please stop existing Run or Debug sessions before launching.
18:14:02 INFO  : Processor reset is completed for ps7_cortexa9_0
18:14:19 INFO  : ps7_cortexa9_0 Processor is in use. Please stop existing Run or Debug sessions before launching.
18:14:20 INFO  : Processor reset is completed for ps7_cortexa9_0
18:14:40 INFO  : Processor reset is completed for ps7_cortexa9_0
18:14:53 INFO  : ps7_cortexa9_0 Processor is in use. Please stop existing Run or Debug sessions before launching.
18:14:54 INFO  : Processor reset is completed for ps7_cortexa9_0
18:22:56 INFO  : Processor reset is completed for ps7_cortexa9_0
18:23:20 INFO  : Processor reset is completed for ps7_cortexa9_0
18:23:36 INFO  : Processor reset is completed for ps7_cortexa9_0
18:23:49 INFO  : Processor reset is completed for ps7_cortexa9_0
18:24:33 INFO  : Processor reset is completed for ps7_cortexa9_0
18:25:28 INFO  : Processor reset is completed for ps7_cortexa9_0
18:26:05 INFO  : Processor reset is completed for ps7_cortexa9_0
18:26:29 INFO  : Processor reset is completed for ps7_cortexa9_0
18:26:49 INFO  : Processor reset is completed for ps7_cortexa9_0
18:28:55 INFO  : Processor reset is completed for ps7_cortexa9_0
18:29:12 INFO  : Processor reset is completed for ps7_cortexa9_0
18:29:30 INFO  : Processor reset is completed for ps7_cortexa9_0
18:30:01 INFO  : Processor reset is completed for ps7_cortexa9_0
18:30:43 INFO  : Processor reset is completed for ps7_cortexa9_0
18:31:24 INFO  : Processor reset is completed for ps7_cortexa9_0
18:40:51 INFO  : Processor reset is completed for ps7_cortexa9_0
18:42:34 INFO  : Processor reset is completed for ps7_cortexa9_0
18:49:05 INFO  : Processor reset is completed for ps7_cortexa9_0
18:52:44 INFO  : Processor reset is completed for ps7_cortexa9_0
18:53:45 INFO  : Processor reset is completed for ps7_cortexa9_0
18:54:07 INFO  : Processor reset is completed for ps7_cortexa9_0
19:08:51 INFO  : Processor reset is completed for ps7_cortexa9_0
19:09:18 INFO  : ps7_cortexa9_0 Processor is in use. Please stop existing Run or Debug sessions before launching.
19:09:20 INFO  : Processor reset is completed for ps7_cortexa9_0
19:10:24 INFO  : Processor reset is completed for ps7_cortexa9_0
19:13:26 INFO  : Processor reset is completed for ps7_cortexa9_0
19:14:32 INFO  : Processor reset is completed for ps7_cortexa9_0
19:15:04 INFO  : Processor reset is completed for ps7_cortexa9_0
19:16:04 INFO  : ps7_cortexa9_0 Processor is in use. Please stop existing Run or Debug sessions before launching.
19:16:07 INFO  : Processor reset is completed for ps7_cortexa9_0
19:16:30 INFO  : Connected to target on host '127.0.0.1' and port '3121'.
19:16:30 INFO  : 'targets -set -filter {jtag_cable_name =~ "Digilent Zed 210248469540" && level==0} -index 1' command is executed.
19:16:32 INFO  : FPGA configured successfully with bitstream "/home/jaffe5/Projects/zedboard/ZedBoard_FreeRTOS_WorkSpace_V3_1_1/system_wrapper_hw_platform_0/system_wrapper.bit"
19:16:39 INFO  : ps7_init is completed.
19:16:39 INFO  : ps7_post_config is completed.
19:16:39 INFO  : Processor reset is completed for ps7_cortexa9_0
19:17:24 INFO  : Processor reset is completed for ps7_cortexa9_0
19:17:37 INFO  : ps7_cortexa9_0 Processor is in use. Please stop existing Run or Debug sessions before launching.
19:17:38 INFO  : Processor reset is completed for ps7_cortexa9_0
19:19:40 INFO  : Processor reset is completed for ps7_cortexa9_0
19:20:05 INFO  : ps7_cortexa9_0 Processor is in use. Please stop existing Run or Debug sessions before launching.
19:20:07 INFO  : Processor reset is completed for ps7_cortexa9_0
19:20:27 INFO  : Processor reset is completed for ps7_cortexa9_0
19:20:39 INFO  : ps7_cortexa9_0 Processor is in use. Please stop existing Run or Debug sessions before launching.
19:20:41 INFO  : Processor reset is completed for ps7_cortexa9_0
19:21:02 INFO  : ps7_cortexa9_0 Processor is in use. Please stop existing Run or Debug sessions before launching.
19:21:04 INFO  : Processor reset is completed for ps7_cortexa9_0
19:21:25 INFO  : Processor reset is completed for ps7_cortexa9_0
19:22:05 INFO  : Processor reset is completed for ps7_cortexa9_0
19:22:20 INFO  : Processor reset is completed for ps7_cortexa9_0
19:22:35 INFO  : Processor reset is completed for ps7_cortexa9_0
19:23:05 INFO  : Processor reset is completed for ps7_cortexa9_0
19:23:23 INFO  : Processor reset is completed for ps7_cortexa9_0
19:25:23 INFO  : Processor reset is completed for ps7_cortexa9_0
19:26:15 INFO  : Processor reset is completed for ps7_cortexa9_0
19:26:52 INFO  : Processor reset is completed for ps7_cortexa9_0
19:33:02 INFO  : Processor reset is completed for ps7_cortexa9_0
19:33:36 INFO  : Processor reset is completed for ps7_cortexa9_0
19:34:00 INFO  : Processor reset is completed for ps7_cortexa9_0
19:34:13 INFO  : ps7_cortexa9_0 Processor is in use. Please stop existing Run or Debug sessions before launching.
19:34:15 INFO  : Processor reset is completed for ps7_cortexa9_0
19:34:28 INFO  : Processor reset is completed for ps7_cortexa9_0
19:34:45 INFO  : Processor reset is completed for ps7_cortexa9_0
19:35:17 INFO  : Processor reset is completed for ps7_cortexa9_0
19:38:04 INFO  : Processor reset is completed for ps7_cortexa9_0
19:38:18 INFO  : ps7_cortexa9_0 Processor is in use. Please stop existing Run or Debug sessions before launching.
19:38:20 INFO  : Processor reset is completed for ps7_cortexa9_0
19:38:41 INFO  : Connected to target on host '127.0.0.1' and port '3121'.
19:38:42 INFO  : 'targets -set -filter {jtag_cable_name =~ "Digilent Zed 210248469540" && level==0} -index 1' command is executed.
19:38:44 INFO  : FPGA configured successfully with bitstream "/home/jaffe5/Projects/zedboard/ZedBoard_FreeRTOS_WorkSpace_V3_1_1/system_wrapper_hw_platform_0/system_wrapper.bit"
19:38:48 INFO  : ps7_init is completed.
19:38:48 INFO  : ps7_post_config is completed.
19:38:48 INFO  : Processor reset is completed for ps7_cortexa9_0
19:39:44 INFO  : Processor reset is completed for ps7_cortexa9_0
19:40:00 INFO  : Processor reset is completed for ps7_cortexa9_0
19:40:33 INFO  : Processor reset is completed for ps7_cortexa9_0
19:40:55 INFO  : Processor reset is completed for ps7_cortexa9_0
19:41:44 INFO  : Processor reset is completed for ps7_cortexa9_0
19:42:06 INFO  : Processor reset is completed for ps7_cortexa9_0
19:42:26 INFO  : Processor reset is completed for ps7_cortexa9_0
19:42:48 INFO  : Processor reset is completed for ps7_cortexa9_0
19:43:20 INFO  : ps7_cortexa9_0 Processor is in use. Please stop existing Run or Debug sessions before launching.
19:43:21 INFO  : Processor reset is completed for ps7_cortexa9_0
19:43:53 INFO  : ps7_cortexa9_0 Processor is in use. Please stop existing Run or Debug sessions before launching.
19:43:54 INFO  : Processor reset is completed for ps7_cortexa9_0
19:48:36 INFO  : Processor reset is completed for ps7_cortexa9_0
19:48:59 INFO  : ps7_cortexa9_0 Processor is in use. Please stop existing Run or Debug sessions before launching.
19:49:01 INFO  : Processor reset is completed for ps7_cortexa9_0
19:49:44 INFO  : Processor reset is completed for ps7_cortexa9_0
19:51:40 INFO  : Processor reset is completed for ps7_cortexa9_0
19:52:12 INFO  : Processor reset is completed for ps7_cortexa9_0
19:52:42 ERROR : Unexpected error while launching program.
java.lang.RuntimeException: Error while running ps7_init method.
No Target with ID 64 in the System


	at com.xilinx.sdk.targetmanager.internal.TM.run_ps7_init(TM.java:1089)
	at com.xilinx.sdk.debug.core.XilinxAppLaunchConfigurationDelegate.runTargetSetup(XilinxAppLaunchConfigurationDelegate.java:514)
	at com.xilinx.sdk.debug.core.XilinxAppLaunchConfigurationDelegate.runApplication(XilinxAppLaunchConfigurationDelegate.java:616)
	at com.xilinx.sdk.debug.core.XilinxAppLaunchConfigurationDelegate.launch(XilinxAppLaunchConfigurationDelegate.java:309)
	at com.xilinx.sdk.debug.ui.XilinxAppLaunchDelegateWrapper.launch(XilinxAppLaunchDelegateWrapper.java:31)
	at org.eclipse.debug.internal.core.LaunchConfiguration.launch(LaunchConfiguration.java:858)
	at org.eclipse.debug.internal.core.LaunchConfiguration.launch(LaunchConfiguration.java:707)
	at org.eclipse.debug.internal.ui.DebugUIPlugin.buildAndLaunch(DebugUIPlugin.java:1018)
	at org.eclipse.debug.internal.ui.DebugUIPlugin$8.run(DebugUIPlugin.java:1222)
	at org.eclipse.core.internal.jobs.Worker.run(Worker.java:53)
19:53:28 INFO  : Time out for XMD transaction is 60000
If you want to increase the timeout value, goto Windows-> Preferences -> Xilinx SDK -> XMD Startup
19:53:28 ERROR : Timeout occured while waiting to get reply for command "xdisconnect 64"
19:53:28 ERROR : Disconnect target failed.
19:53:28 ERROR : Disconnect target failed.No Target with ID 64 in the System


19:53:31 INFO  : FPGA Cable Disconnected. All active launches will be terminated.
19:53:31 ERROR : Disconnect target failed.No Target with ID 64 in the System


19:53:38 ERROR : Disconnect target failed.No Target with ID 64 in the System


19:53:38 ERROR : Unable to disconnect from existing targets
java.lang.RuntimeException: No Target with ID 64 in the System


	at com.xilinx.sdk.targetmanager.internal.TM.disconnectTarget(TM.java:329)
	at com.xilinx.sdk.targetmanager.internal.TM.disconnectExistingTargets(TM.java:308)
	at com.xilinx.sdk.targetmanager.internal.TM.terminate(TM.java:212)
	at com.xilinx.sdk.targetmanager.TMPlugin.stop(TMPlugin.java:58)
	at org.eclipse.osgi.framework.internal.core.BundleContextImpl$2.run(BundleContextImpl.java:771)
	at java.security.AccessController.doPrivileged(Native Method)
	at org.eclipse.osgi.framework.internal.core.BundleContextImpl.stop(BundleContextImpl.java:764)
	at org.eclipse.osgi.framework.internal.core.BundleHost.stopWorker(BundleHost.java:510)
	at org.eclipse.osgi.framework.internal.core.AbstractBundle.suspend(AbstractBundle.java:566)
	at org.eclipse.osgi.framework.internal.core.Framework.suspendBundle(Framework.java:1206)
	at org.eclipse.osgi.framework.internal.core.StartLevelManager.decFWSL(StartLevelManager.java:592)
	at org.eclipse.osgi.framework.internal.core.StartLevelManager.doSetStartLevel(StartLevelManager.java:257)
	at org.eclipse.osgi.framework.internal.core.StartLevelManager.shutdown(StartLevelManager.java:215)
	at org.eclipse.osgi.framework.internal.core.InternalSystemBundle.suspend(InternalSystemBundle.java:284)
	at org.eclipse.osgi.framework.internal.core.Framework.shutdown(Framework.java:692)
	at org.eclipse.osgi.framework.internal.core.Framework.close(Framework.java:600)
	at org.eclipse.core.runtime.adaptor.EclipseStarter.shutdown(EclipseStarter.java:400)
	at org.eclipse.core.runtime.adaptor.EclipseStarter.run(EclipseStarter.java:200)
	at sun.reflect.NativeMethodAccessorImpl.invoke0(Native Method)
	at sun.reflect.NativeMethodAccessorImpl.invoke(NativeMethodAccessorImpl.java:62)
	at sun.reflect.DelegatingMethodAccessorImpl.invoke(DelegatingMethodAccessorImpl.java:43)
	at java.lang.reflect.Method.invoke(Method.java:497)
	at org.eclipse.equinox.launcher.Main.invokeFramework(Main.java:636)
	at org.eclipse.equinox.launcher.Main.basicRun(Main.java:591)
	at org.eclipse.equinox.launcher.Main.run(Main.java:1450)
	at org.eclipse.equinox.launcher.Main.main(Main.java:1426)
19:53:38 ERROR : Unexpected error while parsing XMD response ￿: com.google.gson.JsonSyntaxException: com.google.gson.stream.MalformedJsonException: invalid number or unquoted string near 
19:53:57 INFO  : Launching XSDB server: xsdb -n /opt/xilinx/SDK/2015.4/scripts/xsdb/xsdb/xsdb-server.tcl
19:53:58 INFO  : XSDB server has started successfully.
19:54:02 INFO  : Connected to target on host '127.0.0.1' and port '3121'.
19:54:02 INFO  : 'targets -set -filter {jtag_cable_name =~ "Digilent Zed 210248469540" && level==0} -index 1' command is executed.
19:54:05 INFO  : FPGA configured successfully with bitstream "/home/jaffe5/Projects/zedboard/ZedBoard_FreeRTOS_WorkSpace_V3_1_1/system_wrapper_hw_platform_0/system_wrapper.bit"
19:54:19 INFO  : ps7_init is completed.
19:54:19 INFO  : ps7_post_config is completed.
19:54:20 INFO  : Processor reset is completed for ps7_cortexa9_0
19:54:41 INFO  : Processor reset is completed for ps7_cortexa9_0
19:55:11 INFO  : Processor reset is completed for ps7_cortexa9_0
19:55:25 INFO  : Processor reset is completed for ps7_cortexa9_0
19:56:08 INFO  : Processor reset is completed for ps7_cortexa9_0
19:56:24 INFO  : Processor reset is completed for ps7_cortexa9_0
19:56:46 INFO  : Processor reset is completed for ps7_cortexa9_0
19:57:38 INFO  : Processor reset is completed for ps7_cortexa9_0
19:58:14 INFO  : Processor reset is completed for ps7_cortexa9_0
20:01:28 INFO  : Processor reset is completed for ps7_cortexa9_0
20:01:44 INFO  : ps7_cortexa9_0 Processor is in use. Please stop existing Run or Debug sessions before launching.
20:01:46 INFO  : Processor reset is completed for ps7_cortexa9_0
20:02:03 INFO  : Processor reset is completed for ps7_cortexa9_0
20:04:28 INFO  : Processor reset is completed for ps7_cortexa9_0
20:06:20 INFO  : Processor reset is completed for ps7_cortexa9_0
20:06:35 INFO  : ps7_cortexa9_0 Processor is in use. Please stop existing Run or Debug sessions before launching.
20:06:37 INFO  : Processor reset is completed for ps7_cortexa9_0
20:06:59 INFO  : Processor reset is completed for ps7_cortexa9_0
20:07:19 INFO  : Processor reset is completed for ps7_cortexa9_0
20:48:29 INFO  : Processor reset is completed for ps7_cortexa9_0
20:48:52 INFO  : Processor reset is completed for ps7_cortexa9_0
20:49:46 INFO  : Processor reset is completed for ps7_cortexa9_0
20:50:59 INFO  : Processor reset is completed for ps7_cortexa9_0
20:55:20 INFO  : Processor reset is completed for ps7_cortexa9_0
20:56:54 INFO  : Processor reset is completed for ps7_cortexa9_0
20:57:11 INFO  : Processor reset is completed for ps7_cortexa9_0
20:57:25 INFO  : Processor reset is completed for ps7_cortexa9_0
20:58:10 INFO  : Processor reset is completed for ps7_cortexa9_0
20:58:34 INFO  : Processor reset is completed for ps7_cortexa9_0
20:59:35 INFO  : Processor reset is completed for ps7_cortexa9_0
20:59:54 INFO  : ps7_cortexa9_0 Processor is in use. Please stop existing Run or Debug sessions before launching.
20:59:58 INFO  : Processor reset is completed for ps7_cortexa9_0
21:00:15 INFO  : Processor reset is completed for ps7_cortexa9_0
21:01:08 INFO  : Time out for XMD transaction is 60000
If you want to increase the timeout value, goto Windows-> Preferences -> Xilinx SDK -> XMD Startup
21:01:08 ERROR : Timeout occured while waiting to get reply for command "xstop 64"
21:03:41 INFO  : Processor reset is completed for ps7_cortexa9_0
21:06:27 INFO  : Processor reset is completed for ps7_cortexa9_0
21:23:43 INFO  : Processor reset is completed for ps7_cortexa9_0
21:25:16 INFO  : Processor reset is completed for ps7_cortexa9_0
21:25:42 INFO  : Processor reset is completed for ps7_cortexa9_0
21:26:09 INFO  : Processor reset is completed for ps7_cortexa9_0
21:27:16 INFO  : Time out for XMD transaction is 60000
If you want to increase the timeout value, goto Windows-> Preferences -> Xilinx SDK -> XMD Startup
21:27:16 ERROR : Timeout occured while waiting to get reply for command "xstop 64"
21:27:33 INFO  : Connected to target on host '127.0.0.1' and port '3121'.
21:27:33 INFO  : 'targets -set -filter {jtag_cable_name =~ "Digilent Zed 210248469540" && level==0} -index 1' command is executed.
21:27:35 INFO  : FPGA configured successfully with bitstream "/home/jaffe5/Projects/zedboard/ZedBoard_FreeRTOS_WorkSpace_V3_1_1/system_wrapper_hw_platform_0/system_wrapper.bit"
21:28:11 INFO  : ps7_init is completed.
21:28:11 INFO  : ps7_post_config is completed.
21:28:11 INFO  : Processor reset is completed for ps7_cortexa9_0
21:29:20 INFO  : Connected to target on host '127.0.0.1' and port '3121'.
21:29:20 INFO  : 'targets -set -filter {jtag_cable_name =~ "Digilent Zed 210248469540" && level==0} -index 1' command is executed.
21:29:23 INFO  : FPGA configured successfully with bitstream "/home/jaffe5/Projects/zedboard/ZedBoard_FreeRTOS_WorkSpace_V3_1_1/system_wrapper_hw_platform_0/system_wrapper.bit"
21:29:26 INFO  : ps7_init is completed.
21:29:26 INFO  : ps7_post_config is completed.
21:29:26 INFO  : Processor reset is completed for ps7_cortexa9_0
21:29:39 INFO  : ps7_cortexa9_0 Processor is in use. Please stop existing Run or Debug sessions before launching.
21:29:42 INFO  : Processor reset is completed for ps7_cortexa9_0
21:31:44 INFO  : Processor reset is completed for ps7_cortexa9_0
21:32:07 INFO  : Processor reset is completed for ps7_cortexa9_0
21:32:36 INFO  : Connected to target on host '127.0.0.1' and port '3121'.
21:32:36 INFO  : 'targets -set -filter {jtag_cable_name =~ "Digilent Zed 210248469540" && level==0} -index 1' command is executed.
21:32:39 INFO  : FPGA configured successfully with bitstream "/home/jaffe5/Projects/zedboard/ZedBoard_FreeRTOS_WorkSpace_V3_1_1/system_wrapper_hw_platform_0/system_wrapper.bit"
21:32:43 INFO  : ps7_init is completed.
21:32:43 INFO  : ps7_post_config is completed.
21:32:43 INFO  : Processor reset is completed for ps7_cortexa9_0
21:33:15 INFO  : Processor reset is completed for ps7_cortexa9_0
21:33:27 INFO  : Processor reset is completed for ps7_cortexa9_0
21:33:47 INFO  : Processor reset is completed for ps7_cortexa9_0
21:34:07 INFO  : Processor reset is completed for ps7_cortexa9_0
21:35:36 INFO  : Processor reset is completed for ps7_cortexa9_0
21:35:55 INFO  : Processor reset is completed for ps7_cortexa9_0
21:36:11 INFO  : Processor reset is completed for ps7_cortexa9_0
21:36:25 INFO  : Processor reset is completed for ps7_cortexa9_0
21:36:43 INFO  : Processor reset is completed for ps7_cortexa9_0
21:36:59 INFO  : Processor reset is completed for ps7_cortexa9_0
21:37:16 INFO  : Processor reset is completed for ps7_cortexa9_0
21:37:33 INFO  : Processor reset is completed for ps7_cortexa9_0
21:37:50 INFO  : Processor reset is completed for ps7_cortexa9_0
21:38:04 INFO  : Processor reset is completed for ps7_cortexa9_0
21:38:28 INFO  : Processor reset is completed for ps7_cortexa9_0
21:38:39 INFO  : Processor reset is completed for ps7_cortexa9_0
